<?xml version="1.0" encoding="UTF-8"?>
<coverage generated="1696952319606" clover="3.2.0">
  <project timestamp="1696952319606" name="All files">
    <metrics statements="282" coveredstatements="194" conditionals="45" coveredconditionals="17" methods="89" coveredmethods="49" elements="416" coveredelements="260" complexity="0" loc="282" ncloc="282" packages="10" files="18" classes="18"/>
    <package name="enums">
      <metrics statements="11" coveredstatements="11" conditionals="6" coveredconditionals="6" methods="3" coveredmethods="3"/>
      <file name="shared.enum.ts" path="/Users/sebastianernestjarmul/Projects/slist/src/enums/shared.enum.ts">
        <metrics statements="6" coveredstatements="6" conditionals="4" coveredconditionals="4" methods="2" coveredmethods="2"/>
        <line num="1" count="3" type="cond" truecount="2" falsecount="0"/>
        <line num="2" count="3" type="stmt"/>
        <line num="3" count="3" type="stmt"/>
        <line num="6" count="3" type="cond" truecount="2" falsecount="0"/>
        <line num="7" count="3" type="stmt"/>
        <line num="8" count="3" type="stmt"/>
      </file>
      <file name="task.enum.ts" path="/Users/sebastianernestjarmul/Projects/slist/src/enums/task.enum.ts">
        <metrics statements="5" coveredstatements="5" conditionals="2" coveredconditionals="2" methods="1" coveredmethods="1"/>
        <line num="1" count="7" type="cond" truecount="2" falsecount="0"/>
        <line num="2" count="7" type="stmt"/>
        <line num="3" count="7" type="stmt"/>
        <line num="4" count="7" type="stmt"/>
        <line num="5" count="7" type="stmt"/>
      </file>
    </package>
    <package name="infrastructure">
      <metrics statements="24" coveredstatements="24" conditionals="3" coveredconditionals="3" methods="10" coveredmethods="10"/>
      <file name="auth.api.ts" path="/Users/sebastianernestjarmul/Projects/slist/src/infrastructure/auth.api.ts">
        <metrics statements="3" coveredstatements="3" conditionals="0" coveredconditionals="0" methods="1" coveredmethods="1"/>
        <line num="7" count="4" type="stmt"/>
        <line num="11" count="4" type="stmt"/>
        <line num="13" count="1" type="stmt"/>
      </file>
      <file name="task.api.ts" path="/Users/sebastianernestjarmul/Projects/slist/src/infrastructure/task.api.ts">
        <metrics statements="21" coveredstatements="21" conditionals="3" coveredconditionals="3" methods="9" coveredmethods="9"/>
        <line num="1" count="3" type="stmt"/>
        <line num="12" count="3" type="stmt"/>
        <line num="57" count="3" type="stmt"/>
        <line num="58" count="23" type="stmt"/>
        <line num="63" count="4" type="stmt"/>
        <line num="67" count="1" type="stmt"/>
        <line num="73" count="1" type="stmt"/>
        <line num="74" count="1" type="stmt"/>
        <line num="78" count="1" type="stmt"/>
        <line num="79" count="1" type="cond" truecount="1" falsecount="0"/>
        <line num="80" count="1" type="stmt"/>
        <line num="82" count="1" type="stmt"/>
        <line num="86" count="1" type="stmt"/>
        <line num="87" count="1" type="cond" truecount="1" falsecount="0"/>
        <line num="88" count="1" type="stmt"/>
        <line num="90" count="1" type="stmt"/>
        <line num="94" count="1" type="stmt"/>
        <line num="95" count="1" type="cond" truecount="1" falsecount="0"/>
        <line num="96" count="1" type="stmt"/>
        <line num="98" count="1" type="stmt"/>
        <line num="102" count="3" type="stmt"/>
      </file>
    </package>
    <package name="presentation.components">
      <metrics statements="3" coveredstatements="3" conditionals="0" coveredconditionals="0" methods="1" coveredmethods="1"/>
      <file name="Background.tsx" path="/Users/sebastianernestjarmul/Projects/slist/src/presentation/components/Background.tsx">
        <metrics statements="3" coveredstatements="3" conditionals="0" coveredconditionals="0" methods="1" coveredmethods="1"/>
        <line num="1" count="1" type="stmt"/>
        <line num="2" count="1" type="stmt"/>
        <line num="12" count="1" type="stmt"/>
      </file>
    </package>
    <package name="presentation.components.tasks">
      <metrics statements="68" coveredstatements="46" conditionals="15" coveredconditionals="5" methods="19" coveredmethods="7"/>
      <file name="TaskItem.tsx" path="/Users/sebastianernestjarmul/Projects/slist/src/presentation/components/tasks/TaskItem.tsx">
        <metrics statements="44" coveredstatements="26" conditionals="9" coveredconditionals="1" methods="11" coveredmethods="1"/>
        <line num="1" count="3" type="stmt"/>
        <line num="2" count="3" type="stmt"/>
        <line num="3" count="3" type="stmt"/>
        <line num="5" count="3" type="stmt"/>
        <line num="6" count="3" type="stmt"/>
        <line num="7" count="3" type="stmt"/>
        <line num="19" count="3" type="stmt"/>
        <line num="20" count="16" type="stmt"/>
        <line num="21" count="16" type="stmt"/>
        <line num="22" count="16" type="stmt"/>
        <line num="23" count="16" type="stmt"/>
        <line num="25" count="16" type="stmt"/>
        <line num="26" count="16" type="stmt"/>
        <line num="35" count="16" type="stmt"/>
        <line num="44" count="16" type="stmt"/>
        <line num="49" count="16" type="stmt"/>
        <line num="50" count="0" type="stmt"/>
        <line num="53" count="16" type="stmt"/>
        <line num="54" count="0" type="stmt"/>
        <line num="55" count="0" type="stmt"/>
        <line num="57" count="0" type="cond" truecount="0" falsecount="1"/>
        <line num="58" count="0" type="stmt"/>
        <line num="62" count="16" type="stmt"/>
        <line num="63" count="0" type="cond" truecount="0" falsecount="1"/>
        <line num="64" count="0" type="stmt"/>
        <line num="68" count="16" type="stmt"/>
        <line num="69" count="0" type="cond" truecount="0" falsecount="2"/>
        <line num="72" count="16" type="stmt"/>
        <line num="73" count="0" type="cond" truecount="0" falsecount="1"/>
        <line num="74" count="0" type="stmt"/>
        <line num="75" count="0" type="stmt"/>
        <line num="79" count="16" type="stmt"/>
        <line num="80" count="0" type="stmt"/>
        <line num="83" count="16" type="stmt"/>
        <line num="84" count="0" type="stmt"/>
        <line num="87" count="16" type="cond" truecount="0" falsecount="1"/>
        <line num="88" count="0" type="stmt"/>
        <line num="99" count="16" type="cond" truecount="0" falsecount="1"/>
        <line num="100" count="0" type="stmt"/>
        <line num="133" count="16" type="stmt"/>
        <line num="137" count="0" type="stmt"/>
        <line num="138" count="0" type="stmt"/>
        <line num="153" count="0" type="stmt"/>
        <line num="163" count="3" type="stmt"/>
      </file>
      <file name="TasksColumn.tsx" path="/Users/sebastianernestjarmul/Projects/slist/src/presentation/components/tasks/TasksColumn.tsx">
        <metrics statements="24" coveredstatements="20" conditionals="6" coveredconditionals="4" methods="8" coveredmethods="6"/>
        <line num="1" count="2" type="stmt"/>
        <line num="2" count="2" type="stmt"/>
        <line num="3" count="2" type="stmt"/>
        <line num="5" count="2" type="stmt"/>
        <line num="6" count="2" type="stmt"/>
        <line num="16" count="2" type="stmt"/>
        <line num="22" count="27" type="stmt"/>
        <line num="31" count="27" type="stmt"/>
        <line num="40" count="27" type="stmt"/>
        <line num="45" count="27" type="stmt"/>
        <line num="47" count="27" type="stmt"/>
        <line num="48" count="1" type="stmt"/>
        <line num="51" count="27" type="stmt"/>
        <line num="52" count="0" type="stmt"/>
        <line num="55" count="27" type="stmt"/>
        <line num="56" count="0" type="cond" truecount="0" falsecount="1"/>
        <line num="57" count="0" type="stmt"/>
        <line num="61" count="27" type="stmt"/>
        <line num="62" count="1" type="stmt"/>
        <line num="65" count="27" type="cond" truecount="0" falsecount="1"/>
        <line num="66" count="0" type="stmt"/>
        <line num="81" count="27" type="stmt"/>
        <line num="106" count="15" type="stmt"/>
        <line num="118" count="2" type="stmt"/>
      </file>
    </package>
    <package name="presentation.hooks">
      <metrics statements="20" coveredstatements="19" conditionals="2" coveredconditionals="1" methods="4" coveredmethods="4"/>
      <file name="useLogin.ts" path="/Users/sebastianernestjarmul/Projects/slist/src/presentation/hooks/useLogin.ts">
        <metrics statements="20" coveredstatements="19" conditionals="2" coveredconditionals="1" methods="4" coveredmethods="4"/>
        <line num="1" count="2" type="stmt"/>
        <line num="2" count="2" type="stmt"/>
        <line num="4" count="2" type="stmt"/>
        <line num="6" count="2" type="stmt"/>
        <line num="8" count="2" type="stmt"/>
        <line num="9" count="6" type="stmt"/>
        <line num="11" count="6" type="stmt"/>
        <line num="12" count="5" type="stmt"/>
        <line num="14" count="5" type="cond" truecount="1" falsecount="1"/>
        <line num="15" count="0" type="stmt"/>
        <line num="17" count="5" type="stmt"/>
        <line num="21" count="6" type="stmt"/>
        <line num="22" count="1" type="stmt"/>
        <line num="23" count="1" type="stmt"/>
        <line num="24" count="1" type="stmt"/>
        <line num="27" count="6" type="stmt"/>
        <line num="28" count="1" type="stmt"/>
        <line num="29" count="1" type="stmt"/>
        <line num="32" count="6" type="stmt"/>
        <line num="39" count="2" type="stmt"/>
      </file>
    </package>
    <package name="presentation.icons">
      <metrics statements="6" coveredstatements="5" conditionals="0" coveredconditionals="0" methods="2" coveredmethods="1"/>
      <file name="PlusIcon.tsx" path="/Users/sebastianernestjarmul/Projects/slist/src/presentation/icons/PlusIcon.tsx">
        <metrics statements="3" coveredstatements="3" conditionals="0" coveredconditionals="0" methods="1" coveredmethods="1"/>
        <line num="3" count="1" type="stmt"/>
        <line num="4" count="6" type="stmt"/>
        <line num="22" count="1" type="stmt"/>
      </file>
      <file name="TrashIcon.tsx" path="/Users/sebastianernestjarmul/Projects/slist/src/presentation/icons/TrashIcon.tsx">
        <metrics statements="3" coveredstatements="2" conditionals="0" coveredconditionals="0" methods="1" coveredmethods="0"/>
        <line num="3" count="3" type="stmt"/>
        <line num="4" count="0" type="stmt"/>
        <line num="22" count="3" type="stmt"/>
      </file>
    </package>
    <package name="presentation.pages">
      <metrics statements="99" coveredstatements="45" conditionals="19" coveredconditionals="2" methods="28" coveredmethods="7"/>
      <file name="Login.tsx" path="/Users/sebastianernestjarmul/Projects/slist/src/presentation/pages/Login.tsx">
        <metrics statements="15" coveredstatements="12" conditionals="0" coveredconditionals="0" methods="4" coveredmethods="1"/>
        <line num="1" count="1" type="stmt"/>
        <line num="2" count="1" type="stmt"/>
        <line num="3" count="1" type="stmt"/>
        <line num="5" count="1" type="stmt"/>
        <line num="6" count="2" type="stmt"/>
        <line num="7" count="2" type="stmt"/>
        <line num="9" count="2" type="stmt"/>
        <line num="11" count="2" type="stmt"/>
        <line num="12" count="0" type="stmt"/>
        <line num="15" count="2" type="stmt"/>
        <line num="16" count="0" type="stmt"/>
        <line num="19" count="2" type="stmt"/>
        <line num="20" count="0" type="stmt"/>
        <line num="23" count="2" type="stmt"/>
        <line num="68" count="1" type="stmt"/>
      </file>
      <file name="Tasks.tsx" path="/Users/sebastianernestjarmul/Projects/slist/src/presentation/pages/Tasks.tsx">
        <metrics statements="84" coveredstatements="33" conditionals="19" coveredconditionals="2" methods="24" coveredmethods="6"/>
        <line num="1" count="1" type="stmt"/>
        <line num="2" count="1" type="stmt"/>
        <line num="4" count="1" type="stmt"/>
        <line num="5" count="1" type="stmt"/>
        <line num="15" count="1" type="stmt"/>
        <line num="16" count="1" type="stmt"/>
        <line num="17" count="1" type="stmt"/>
        <line num="23" count="1" type="stmt"/>
        <line num="24" count="1" type="stmt"/>
        <line num="25" count="1" type="stmt"/>
        <line num="27" count="1" type="stmt"/>
        <line num="29" count="1" type="stmt"/>
        <line num="30" count="6" type="stmt"/>
        <line num="31" count="6" type="stmt"/>
        <line num="32" count="6" type="stmt"/>
        <line num="33" count="6" type="stmt"/>
        <line num="35" count="6" type="stmt"/>
        <line num="36" count="16" type="stmt"/>
        <line num="40" count="6" type="stmt"/>
        <line num="41" count="4" type="stmt"/>
        <line num="42" count="4" type="stmt"/>
        <line num="43" count="4" type="stmt"/>
        <line num="47" count="6" type="stmt"/>
        <line num="55" count="6" type="stmt"/>
        <line num="56" count="0" type="stmt"/>
        <line num="57" count="0" type="stmt"/>
        <line num="60" count="6" type="stmt"/>
        <line num="61" count="0" type="stmt"/>
        <line num="62" count="0" type="stmt"/>
        <line num="65" count="6" type="stmt"/>
        <line num="66" count="0" type="stmt"/>
        <line num="67" count="0" type="cond" truecount="0" falsecount="2"/>
        <line num="70" count="0" type="stmt"/>
        <line num="73" count="6" type="stmt"/>
        <line num="74" count="0" type="stmt"/>
        <line num="75" count="0" type="stmt"/>
        <line num="78" count="6" type="stmt"/>
        <line num="79" count="0" type="cond" truecount="0" falsecount="1"/>
        <line num="80" count="0" type="stmt"/>
        <line num="81" count="0" type="stmt"/>
        <line num="84" count="0" type="cond" truecount="0" falsecount="1"/>
        <line num="85" count="0" type="stmt"/>
        <line num="86" count="0" type="stmt"/>
        <line num="90" count="6" type="stmt"/>
        <line num="91" count="0" type="stmt"/>
        <line num="93" count="0" type="cond" truecount="0" falsecount="1"/>
        <line num="94" count="0" type="stmt"/>
        <line num="97" count="0" type="stmt"/>
        <line num="98" count="0" type="stmt"/>
        <line num="100" count="0" type="cond" truecount="0" falsecount="1"/>
        <line num="102" count="0" type="stmt"/>
        <line num="103" count="0" type="stmt"/>
        <line num="105" count="0" type="cond" truecount="0" falsecount="1"/>
        <line num="107" count="0" type="cond" truecount="0" falsecount="3"/>
        <line num="108" count="0" type="stmt"/>
        <line num="109" count="0" type="stmt"/>
        <line num="110" count="0" type="stmt"/>
        <line num="112" count="0" type="stmt"/>
        <line num="114" count="0" type="stmt"/>
        <line num="118" count="0" type="stmt"/>
        <line num="120" count="0" type="cond" truecount="0" falsecount="3"/>
        <line num="121" count="0" type="stmt"/>
        <line num="122" count="0" type="stmt"/>
        <line num="123" count="0" type="stmt"/>
        <line num="125" count="0" type="stmt"/>
        <line num="127" count="0" type="stmt"/>
        <line num="132" count="6" type="stmt"/>
        <line num="133" count="0" type="stmt"/>
        <line num="134" count="0" type="stmt"/>
        <line num="136" count="0" type="stmt"/>
        <line num="138" count="0" type="cond" truecount="0" falsecount="1"/>
        <line num="139" count="0" type="stmt"/>
        <line num="142" count="0" type="stmt"/>
        <line num="143" count="0" type="stmt"/>
        <line num="145" count="0" type="cond" truecount="0" falsecount="1"/>
        <line num="147" count="0" type="stmt"/>
        <line num="148" count="0" type="stmt"/>
        <line num="149" count="0" type="stmt"/>
        <line num="152" count="0" type="stmt"/>
        <line num="153" count="0" type="stmt"/>
        <line num="156" count="0" type="stmt"/>
        <line num="160" count="6" type="stmt"/>
        <line num="181" count="16" type="stmt"/>
        <line num="216" count="1" type="stmt"/>
      </file>
    </package>
    <package name="presentation.utils">
      <metrics statements="22" coveredstatements="12" conditionals="0" coveredconditionals="0" methods="11" coveredmethods="5"/>
      <file name="shared.utils.ts" path="/Users/sebastianernestjarmul/Projects/slist/src/presentation/utils/shared.utils.ts">
        <metrics statements="8" coveredstatements="2" conditionals="0" coveredconditionals="0" methods="2" coveredmethods="0"/>
        <line num="4" count="3" type="stmt"/>
        <line num="5" count="0" type="stmt"/>
        <line num="6" count="0" type="stmt"/>
        <line num="7" count="0" type="stmt"/>
        <line num="8" count="0" type="stmt"/>
        <line num="11" count="3" type="stmt"/>
        <line num="12" count="0" type="stmt"/>
        <line num="13" count="0" type="stmt"/>
      </file>
      <file name="task.utils.ts" path="/Users/sebastianernestjarmul/Projects/slist/src/presentation/utils/task.utils.ts">
        <metrics statements="14" coveredstatements="10" conditionals="0" coveredconditionals="0" methods="9" coveredmethods="5"/>
        <line num="1" count="1" type="stmt"/>
        <line num="5" count="1" type="stmt"/>
        <line num="6" count="0" type="stmt"/>
        <line num="8" count="1" type="stmt"/>
        <line num="9" count="0" type="stmt"/>
        <line num="11" count="1" type="stmt"/>
        <line num="12" count="0" type="stmt"/>
        <line num="14" count="1" type="stmt"/>
        <line num="15" count="0" type="stmt"/>
        <line num="17" count="4" type="stmt"/>
        <line num="22" count="8" type="stmt"/>
        <line num="28" count="8" type="stmt"/>
        <line num="34" count="8" type="stmt"/>
        <line num="40" count="8" type="stmt"/>
      </file>
    </package>
    <package name="tests.unit.presentation.mocks">
      <metrics statements="5" coveredstatements="5" conditionals="0" coveredconditionals="0" methods="0" coveredmethods="0"/>
      <file name="tasks.mock.ts" path="/Users/sebastianernestjarmul/Projects/slist/src/tests/unit/presentation/mocks/tasks.mock.ts">
        <metrics statements="5" coveredstatements="5" conditionals="0" coveredconditionals="0" methods="0" coveredmethods="0"/>
        <line num="1" count="3" type="stmt"/>
        <line num="4" count="3" type="stmt"/>
        <line num="11" count="3" type="stmt"/>
        <line num="18" count="3" type="stmt"/>
        <line num="20" count="3" type="stmt"/>
      </file>
    </package>
    <package name="usecases">
      <metrics statements="24" coveredstatements="24" conditionals="0" coveredconditionals="0" methods="11" coveredmethods="11"/>
      <file name="authentication.usecase.ts" path="/Users/sebastianernestjarmul/Projects/slist/src/usecases/authentication.usecase.ts">
        <metrics statements="6" coveredstatements="6" conditionals="0" coveredconditionals="0" methods="2" coveredmethods="2"/>
        <line num="2" count="3" type="stmt"/>
        <line num="8" count="3" type="stmt"/>
        <line num="9" count="4" type="stmt"/>
        <line num="12" count="1" type="stmt"/>
        <line num="14" count="1" type="stmt"/>
        <line num="18" count="3" type="stmt"/>
      </file>
      <file name="storage.usecase.ts" path="/Users/sebastianernestjarmul/Projects/slist/src/usecases/storage.usecase.ts">
        <metrics statements="6" coveredstatements="6" conditionals="0" coveredconditionals="0" methods="4" coveredmethods="4"/>
        <line num="7" count="3" type="stmt"/>
        <line num="8" count="7" type="stmt"/>
        <line num="11" count="4" type="stmt"/>
        <line num="15" count="1" type="stmt"/>
        <line num="19" count="1" type="stmt"/>
        <line num="23" count="3" type="stmt"/>
      </file>
      <file name="task.usecase.ts" path="/Users/sebastianernestjarmul/Projects/slist/src/usecases/task.usecase.ts">
        <metrics statements="12" coveredstatements="12" conditionals="0" coveredconditionals="0" methods="5" coveredmethods="5"/>
        <line num="1" count="2" type="stmt"/>
        <line num="11" count="2" type="stmt"/>
        <line num="12" count="6" type="stmt"/>
        <line num="15" count="1" type="stmt"/>
        <line num="16" count="1" type="stmt"/>
        <line num="20" count="1" type="stmt"/>
        <line num="21" count="1" type="stmt"/>
        <line num="25" count="1" type="stmt"/>
        <line num="26" count="1" type="stmt"/>
        <line num="30" count="1" type="stmt"/>
        <line num="31" count="1" type="stmt"/>
        <line num="35" count="2" type="stmt"/>
      </file>
    </package>
  </project>
</coverage>
