{"/Users/sebastianernestjarmul/Projects/slist/src/enums/shared.enum.ts": {"path":"/Users/sebastianernestjarmul/Projects/slist/src/enums/shared.enum.ts","statementMap":{"0":{"start":{"line":1,"column":0},"end":{"line":1,"column":null}},"1":{"start":{"line":2,"column":2},"end":{"line":2,"column":null}},"2":{"start":{"line":3,"column":2},"end":{"line":3,"column":null}},"3":{"start":{"line":6,"column":0},"end":{"line":6,"column":null}},"4":{"start":{"line":7,"column":2},"end":{"line":7,"column":null}},"5":{"start":{"line":8,"column":2},"end":{"line":8,"column":null}}},"fnMap":{"0":{"name":"(anonymous_0)","decl":{"start":{"line":1,"column":0},"end":{"line":1,"column":12}},"loc":{"start":{"line":1,"column":28},"end":{"line":4,"column":1}}},"1":{"name":"(anonymous_1)","decl":{"start":{"line":6,"column":0},"end":{"line":6,"column":12}},"loc":{"start":{"line":6,"column":29},"end":{"line":9,"column":1}}}},"branchMap":{"0":{"loc":{"start":{"line":1,"column":12},"end":{"line":1,"column":null}},"type":"binary-expr","locations":[{"start":{"line":1,"column":12},"end":{"line":1,"column":28}},{"start":{"line":1,"column":28},"end":{"line":1,"column":null}}]},"1":{"loc":{"start":{"line":6,"column":12},"end":{"line":6,"column":null}},"type":"binary-expr","locations":[{"start":{"line":6,"column":12},"end":{"line":6,"column":29}},{"start":{"line":6,"column":29},"end":{"line":6,"column":null}}]}},"s":{"0":5,"1":5,"2":5,"3":5,"4":5,"5":5},"f":{"0":5,"1":5},"b":{"0":[5,5],"1":[5,5]}}
,"/Users/sebastianernestjarmul/Projects/slist/src/enums/task.enum.ts": {"path":"/Users/sebastianernestjarmul/Projects/slist/src/enums/task.enum.ts","statementMap":{"0":{"start":{"line":1,"column":0},"end":{"line":1,"column":null}},"1":{"start":{"line":2,"column":2},"end":{"line":2,"column":null}},"2":{"start":{"line":3,"column":2},"end":{"line":3,"column":null}},"3":{"start":{"line":4,"column":2},"end":{"line":4,"column":null}},"4":{"start":{"line":5,"column":2},"end":{"line":5,"column":null}}},"fnMap":{"0":{"name":"(anonymous_0)","decl":{"start":{"line":1,"column":0},"end":{"line":1,"column":12}},"loc":{"start":{"line":1,"column":22},"end":{"line":6,"column":1}}}},"branchMap":{"0":{"loc":{"start":{"line":1,"column":12},"end":{"line":1,"column":null}},"type":"binary-expr","locations":[{"start":{"line":1,"column":12},"end":{"line":1,"column":22}},{"start":{"line":1,"column":22},"end":{"line":1,"column":null}}]}},"s":{"0":8,"1":8,"2":8,"3":8,"4":8},"f":{"0":8},"b":{"0":[8,8]}}
,"/Users/sebastianernestjarmul/Projects/slist/src/infrastructure/auth.api.ts": {"path":"/Users/sebastianernestjarmul/Projects/slist/src/infrastructure/auth.api.ts","statementMap":{"0":{"start":{"line":7,"column":13},"end":{"line":9,"column":2}},"1":{"start":{"line":13,"column":4},"end":{"line":13,"column":37}},"2":{"start":{"line":11,"column":0},"end":{"line":11,"column":13}}},"fnMap":{"0":{"name":"(anonymous_0)","decl":{"start":{"line":12,"column":2},"end":{"line":12,"column":6}},"loc":{"start":{"line":12,"column":6},"end":{"line":14,"column":3}}}},"branchMap":{},"s":{"0":4,"1":1,"2":4},"f":{"0":1},"b":{}}
,"/Users/sebastianernestjarmul/Projects/slist/src/infrastructure/task.api.ts": {"path":"/Users/sebastianernestjarmul/Projects/slist/src/infrastructure/task.api.ts","statementMap":{"0":{"start":{"line":1,"column":0},"end":{"line":1,"column":47}},"1":{"start":{"line":12,"column":13},"end":{"line":55,"column":2}},"2":{"start":{"line":58,"column":2},"end":{"line":58,"column":45}},"3":{"start":{"line":57,"column":0},"end":{"line":57,"column":16}},"4":{"start":{"line":63,"column":4},"end":{"line":63,"column":38}},"5":{"start":{"line":67,"column":31},"end":{"line":72,"column":6}},"6":{"start":{"line":73,"column":4},"end":{"line":73,"column":28}},"7":{"start":{"line":74,"column":4},"end":{"line":74,"column":36}},"8":{"start":{"line":78,"column":22},"end":{"line":78,"column":66}},"9":{"start":{"line":78,"column":49},"end":{"line":78,"column":65}},"10":{"start":{"line":79,"column":4},"end":{"line":81,"column":null}},"11":{"start":{"line":80,"column":6},"end":{"line":80,"column":34}},"12":{"start":{"line":82,"column":4},"end":{"line":82,"column":33}},"13":{"start":{"line":86,"column":22},"end":{"line":86,"column":65}},"14":{"start":{"line":86,"column":49},"end":{"line":86,"column":64}},"15":{"start":{"line":87,"column":4},"end":{"line":89,"column":null}},"16":{"start":{"line":88,"column":6},"end":{"line":88,"column":37}},"17":{"start":{"line":90,"column":4},"end":{"line":90,"column":35}},"18":{"start":{"line":94,"column":22},"end":{"line":94,"column":67}},"19":{"start":{"line":94,"column":52},"end":{"line":94,"column":66}},"20":{"start":{"line":95,"column":4},"end":{"line":97,"column":null}},"21":{"start":{"line":96,"column":6},"end":{"line":96,"column":43}},"22":{"start":{"line":98,"column":4},"end":{"line":98,"column":49}},"23":{"start":{"line":102,"column":0},"end":{"line":102,"column":23}}},"fnMap":{"0":{"name":"generateID","decl":{"start":{"line":57,"column":16},"end":{"line":57,"column":26}},"loc":{"start":{"line":57,"column":26},"end":{"line":59,"column":1}}},"1":{"name":"(anonymous_1)","decl":{"start":{"line":62,"column":2},"end":{"line":62,"column":12}},"loc":{"start":{"line":62,"column":12},"end":{"line":64,"column":3}}},"2":{"name":"(anonymous_2)","decl":{"start":{"line":66,"column":2},"end":{"line":66,"column":8}},"loc":{"start":{"line":66,"column":22},"end":{"line":75,"column":3}}},"3":{"name":"(anonymous_3)","decl":{"start":{"line":77,"column":2},"end":{"line":77,"column":8}},"loc":{"start":{"line":77,"column":24},"end":{"line":83,"column":3}}},"4":{"name":"(anonymous_4)","decl":{"start":{"line":78,"column":42},"end":{"line":78,"column":43}},"loc":{"start":{"line":78,"column":49},"end":{"line":78,"column":65}}},"5":{"name":"(anonymous_5)","decl":{"start":{"line":85,"column":2},"end":{"line":85,"column":8}},"loc":{"start":{"line":85,"column":23},"end":{"line":91,"column":3}}},"6":{"name":"(anonymous_6)","decl":{"start":{"line":86,"column":42},"end":{"line":86,"column":43}},"loc":{"start":{"line":86,"column":49},"end":{"line":86,"column":64}}},"7":{"name":"(anonymous_7)","decl":{"start":{"line":93,"column":2},"end":{"line":93,"column":14}},"loc":{"start":{"line":93,"column":45},"end":{"line":99,"column":3}}},"8":{"name":"(anonymous_8)","decl":{"start":{"line":94,"column":42},"end":{"line":94,"column":43}},"loc":{"start":{"line":94,"column":52},"end":{"line":94,"column":66}}}},"branchMap":{"0":{"loc":{"start":{"line":79,"column":4},"end":{"line":81,"column":null}},"type":"if","locations":[{"start":{"line":79,"column":4},"end":{"line":81,"column":null}}]},"1":{"loc":{"start":{"line":87,"column":4},"end":{"line":89,"column":null}},"type":"if","locations":[{"start":{"line":87,"column":4},"end":{"line":89,"column":null}}]},"2":{"loc":{"start":{"line":95,"column":4},"end":{"line":97,"column":null}},"type":"if","locations":[{"start":{"line":95,"column":4},"end":{"line":97,"column":null}}]}},"s":{"0":3,"1":3,"2":23,"3":3,"4":4,"5":1,"6":1,"7":1,"8":1,"9":1,"10":1,"11":1,"12":1,"13":1,"14":1,"15":1,"16":1,"17":1,"18":1,"19":1,"20":1,"21":1,"22":1,"23":3},"f":{"0":23,"1":4,"2":1,"3":1,"4":1,"5":1,"6":1,"7":1,"8":1},"b":{"0":[1],"1":[1],"2":[1]}}
,"/Users/sebastianernestjarmul/Projects/slist/src/presentation/components/background/Background.tsx": {"path":"/Users/sebastianernestjarmul/Projects/slist/src/presentation/components/background/Background.tsx","statementMap":{"0":{"start":{"line":1,"column":0},"end":{"line":1,"column":27}},"1":{"start":{"line":3,"column":19},"end":{"line":12,"column":1}},"2":{"start":{"line":4,"column":2},"end":{"line":11,"column":4}},"3":{"start":{"line":14,"column":0},"end":{"line":14,"column":26}}},"fnMap":{"0":{"name":"(anonymous_0)","decl":{"start":{"line":3,"column":19},"end":{"line":3,"column":22}},"loc":{"start":{"line":3,"column":24},"end":{"line":12,"column":1}}}},"branchMap":{},"s":{"0":1,"1":1,"2":1,"3":1},"f":{"0":1},"b":{}}
,"/Users/sebastianernestjarmul/Projects/slist/src/presentation/components/button/Button.tsx": {"path":"/Users/sebastianernestjarmul/Projects/slist/src/presentation/components/button/Button.tsx","statementMap":{"0":{"start":{"line":1,"column":0},"end":{"line":1,"column":23}},"1":{"start":{"line":3,"column":0},"end":{"line":3,"column":null}},"2":{"start":{"line":4,"column":2},"end":{"line":4,"column":null}},"3":{"start":{"line":5,"column":2},"end":{"line":5,"column":null}},"4":{"start":{"line":16,"column":15},"end":{"line":26,"column":1}},"5":{"start":{"line":21,"column":2},"end":{"line":25,"column":4}},"6":{"start":{"line":28,"column":0},"end":{"line":28,"column":22}}},"fnMap":{"0":{"name":"(anonymous_0)","decl":{"start":{"line":3,"column":0},"end":{"line":3,"column":12}},"loc":{"start":{"line":3,"column":26},"end":{"line":6,"column":1}}},"1":{"name":"(anonymous_1)","decl":{"start":{"line":16,"column":15},"end":{"line":16,"column":16}},"loc":{"start":{"line":20,"column":18},"end":{"line":26,"column":1}}}},"branchMap":{"0":{"loc":{"start":{"line":3,"column":12},"end":{"line":3,"column":null}},"type":"binary-expr","locations":[{"start":{"line":3,"column":12},"end":{"line":3,"column":26}},{"start":{"line":3,"column":26},"end":{"line":3,"column":null}}]},"1":{"loc":{"start":{"line":19,"column":2},"end":{"line":19,"column":30}},"type":"default-arg","locations":[{"start":{"line":19,"column":9},"end":{"line":19,"column":30}}]}},"s":{"0":4,"1":4,"2":4,"3":4,"4":4,"5":2,"6":4},"f":{"0":4,"1":2},"b":{"0":[4,4],"1":[2]}}
,"/Users/sebastianernestjarmul/Projects/slist/src/presentation/components/inputs/Input.tsx": {"path":"/Users/sebastianernestjarmul/Projects/slist/src/presentation/components/inputs/Input.tsx","statementMap":{"0":{"start":{"line":1,"column":0},"end":{"line":1,"column":55}},"1":{"start":{"line":4,"column":0},"end":{"line":4,"column":22}},"2":{"start":{"line":6,"column":0},"end":{"line":6,"column":null}},"3":{"start":{"line":7,"column":2},"end":{"line":7,"column":null}},"4":{"start":{"line":8,"column":2},"end":{"line":8,"column":null}},"5":{"start":{"line":9,"column":2},"end":{"line":9,"column":null}},"6":{"start":{"line":10,"column":2},"end":{"line":10,"column":null}},"7":{"start":{"line":30,"column":14},"end":{"line":74,"column":1}},"8":{"start":{"line":40,"column":24},"end":{"line":44,"column":3}},"9":{"start":{"line":41,"column":4},"end":{"line":43,"column":null}},"10":{"start":{"line":42,"column":6},"end":{"line":42,"column":21}},"11":{"start":{"line":46,"column":2},"end":{"line":59,"column":null}},"12":{"start":{"line":47,"column":4},"end":{"line":58,"column":6}},"13":{"start":{"line":61,"column":2},"end":{"line":73,"column":4}},"14":{"start":{"line":76,"column":0},"end":{"line":76,"column":21}}},"fnMap":{"0":{"name":"(anonymous_0)","decl":{"start":{"line":6,"column":0},"end":{"line":6,"column":12}},"loc":{"start":{"line":6,"column":25},"end":{"line":11,"column":1}}},"1":{"name":"(anonymous_1)","decl":{"start":{"line":30,"column":14},"end":{"line":30,"column":15}},"loc":{"start":{"line":39,"column":17},"end":{"line":74,"column":1}}},"2":{"name":"(anonymous_2)","decl":{"start":{"line":33,"column":12},"end":{"line":33,"column":15}},"loc":{"start":{"line":33,"column":17},"end":{"line":33,"column":20}}},"3":{"name":"(anonymous_3)","decl":{"start":{"line":34,"column":11},"end":{"line":34,"column":14}},"loc":{"start":{"line":34,"column":16},"end":{"line":34,"column":19}}},"4":{"name":"(anonymous_4)","decl":{"start":{"line":40,"column":24},"end":{"line":40,"column":25}},"loc":{"start":{"line":40,"column":49},"end":{"line":44,"column":3}}}},"branchMap":{"0":{"loc":{"start":{"line":6,"column":12},"end":{"line":6,"column":null}},"type":"binary-expr","locations":[{"start":{"line":6,"column":12},"end":{"line":6,"column":25}},{"start":{"line":6,"column":25},"end":{"line":6,"column":null}}]},"1":{"loc":{"start":{"line":33,"column":2},"end":{"line":33,"column":20}},"type":"default-arg","locations":[{"start":{"line":33,"column":12},"end":{"line":33,"column":20}}]},"2":{"loc":{"start":{"line":34,"column":2},"end":{"line":34,"column":19}},"type":"default-arg","locations":[{"start":{"line":34,"column":11},"end":{"line":34,"column":19}}]},"3":{"loc":{"start":{"line":38,"column":2},"end":{"line":38,"column":27}},"type":"default-arg","locations":[{"start":{"line":38,"column":9},"end":{"line":38,"column":27}}]},"4":{"loc":{"start":{"line":41,"column":4},"end":{"line":43,"column":null}},"type":"if","locations":[{"start":{"line":41,"column":4},"end":{"line":43,"column":null}}]},"5":{"loc":{"start":{"line":46,"column":2},"end":{"line":59,"column":null}},"type":"if","locations":[{"start":{"line":46,"column":2},"end":{"line":59,"column":null}}]}},"s":{"0":4,"1":4,"2":4,"3":4,"4":4,"5":4,"6":4,"7":4,"8":5,"9":0,"10":0,"11":5,"12":0,"13":5,"14":4},"f":{"0":4,"1":5,"2":0,"3":0,"4":0},"b":{"0":[4,4],"1":[4],"2":[4],"3":[1],"4":[0],"5":[0]}}
,"/Users/sebastianernestjarmul/Projects/slist/src/presentation/components/tasks/TaskItem.tsx": {"path":"/Users/sebastianernestjarmul/Projects/slist/src/presentation/components/tasks/TaskItem.tsx","statementMap":{"0":{"start":{"line":1,"column":0},"end":{"line":1,"column":67}},"1":{"start":{"line":2,"column":0},"end":{"line":2,"column":55}},"2":{"start":{"line":3,"column":0},"end":{"line":3,"column":74}},"3":{"start":{"line":5,"column":0},"end":{"line":5,"column":48}},"4":{"start":{"line":6,"column":0},"end":{"line":6,"column":41}},"5":{"start":{"line":7,"column":0},"end":{"line":7,"column":25}},"6":{"start":{"line":8,"column":0},"end":{"line":8,"column":null}},"7":{"start":{"line":13,"column":0},"end":{"line":13,"column":58}},"8":{"start":{"line":14,"column":0},"end":{"line":14,"column":55}},"9":{"start":{"line":22,"column":17},"end":{"line":164,"column":1}},"10":{"start":{"line":23,"column":40},"end":{"line":23,"column":64}},"11":{"start":{"line":24,"column":34},"end":{"line":24,"column":58}},"12":{"start":{"line":25,"column":28},"end":{"line":25,"column":56}},"13":{"start":{"line":26,"column":40},"end":{"line":26,"column":74}},"14":{"start":{"line":28,"column":19},"end":{"line":28,"column":31}},"15":{"start":{"line":29,"column":25},"end":{"line":29,"column":37}},"16":{"start":{"line":38,"column":6},"end":{"line":45,"column":4}},"17":{"start":{"line":47,"column":16},"end":{"line":50,"column":4}},"18":{"start":{"line":52,"column":27},"end":{"line":54,"column":3}},"19":{"start":{"line":53,"column":4},"end":{"line":53,"column":21}},"20":{"start":{"line":56,"column":25},"end":{"line":63,"column":3}},"21":{"start":{"line":57,"column":4},"end":{"line":57,"column":27}},"22":{"start":{"line":58,"column":4},"end":{"line":58,"column":26}},"23":{"start":{"line":60,"column":4},"end":{"line":62,"column":null}},"24":{"start":{"line":61,"column":6},"end":{"line":61,"column":52}},"25":{"start":{"line":65,"column":24},"end":{"line":69,"column":3}},"26":{"start":{"line":66,"column":4},"end":{"line":68,"column":null}},"27":{"start":{"line":67,"column":6},"end":{"line":67,"column":23}},"28":{"start":{"line":71,"column":24},"end":{"line":73,"column":50}},"29":{"start":{"line":72,"column":4},"end":{"line":73,"column":50}},"30":{"start":{"line":75,"column":24},"end":{"line":80,"column":3}},"31":{"start":{"line":76,"column":4},"end":{"line":79,"column":null}},"32":{"start":{"line":77,"column":6},"end":{"line":77,"column":45}},"33":{"start":{"line":78,"column":6},"end":{"line":78,"column":23}},"34":{"start":{"line":82,"column":28},"end":{"line":84,"column":3}},"35":{"start":{"line":83,"column":4},"end":{"line":83,"column":39}},"36":{"start":{"line":86,"column":34},"end":{"line":88,"column":3}},"37":{"start":{"line":87,"column":4},"end":{"line":87,"column":45}},"38":{"start":{"line":90,"column":2},"end":{"line":100,"column":null}},"39":{"start":{"line":91,"column":4},"end":{"line":99,"column":6}},"40":{"start":{"line":102,"column":2},"end":{"line":134,"column":null}},"41":{"start":{"line":103,"column":4},"end":{"line":133,"column":6}},"42":{"start":{"line":136,"column":2},"end":{"line":163,"column":4}},"43":{"start":{"line":140,"column":26},"end":{"line":140,"column":46}},"44":{"start":{"line":141,"column":26},"end":{"line":141,"column":47}},"45":{"start":{"line":155,"column":27},"end":{"line":155,"column":52}},"46":{"start":{"line":166,"column":0},"end":{"line":166,"column":24}}},"fnMap":{"0":{"name":"(anonymous_7)","decl":{"start":{"line":22,"column":17},"end":{"line":22,"column":18}},"loc":{"start":{"line":22,"column":73},"end":{"line":164,"column":1}}},"1":{"name":"(anonymous_8)","decl":{"start":{"line":52,"column":27},"end":{"line":52,"column":28}},"loc":{"start":{"line":52,"column":42},"end":{"line":54,"column":3}}},"2":{"name":"(anonymous_9)","decl":{"start":{"line":56,"column":25},"end":{"line":56,"column":28}},"loc":{"start":{"line":56,"column":30},"end":{"line":63,"column":3}}},"3":{"name":"(anonymous_10)","decl":{"start":{"line":65,"column":24},"end":{"line":65,"column":25}},"loc":{"start":{"line":65,"column":49},"end":{"line":69,"column":3}}},"4":{"name":"(anonymous_11)","decl":{"start":{"line":71,"column":24},"end":{"line":71,"column":25}},"loc":{"start":{"line":72,"column":4},"end":{"line":73,"column":50}}},"5":{"name":"(anonymous_12)","decl":{"start":{"line":75,"column":24},"end":{"line":75,"column":25}},"loc":{"start":{"line":75,"column":49},"end":{"line":80,"column":3}}},"6":{"name":"(anonymous_13)","decl":{"start":{"line":82,"column":28},"end":{"line":82,"column":29}},"loc":{"start":{"line":82,"column":49},"end":{"line":84,"column":3}}},"7":{"name":"(anonymous_14)","decl":{"start":{"line":86,"column":34},"end":{"line":86,"column":35}},"loc":{"start":{"line":86,"column":55},"end":{"line":88,"column":3}}},"8":{"name":"(anonymous_15)","decl":{"start":{"line":140,"column":20},"end":{"line":140,"column":23}},"loc":{"start":{"line":140,"column":26},"end":{"line":140,"column":46}}},"9":{"name":"(anonymous_16)","decl":{"start":{"line":141,"column":20},"end":{"line":141,"column":23}},"loc":{"start":{"line":141,"column":26},"end":{"line":141,"column":47}}},"10":{"name":"(anonymous_17)","decl":{"start":{"line":155,"column":21},"end":{"line":155,"column":24}},"loc":{"start":{"line":155,"column":27},"end":{"line":155,"column":52}}}},"branchMap":{"0":{"loc":{"start":{"line":60,"column":4},"end":{"line":62,"column":null}},"type":"if","locations":[{"start":{"line":60,"column":4},"end":{"line":62,"column":null}}]},"1":{"loc":{"start":{"line":66,"column":4},"end":{"line":68,"column":null}},"type":"if","locations":[{"start":{"line":66,"column":4},"end":{"line":68,"column":null}}]},"2":{"loc":{"start":{"line":72,"column":4},"end":{"line":73,"column":50}},"type":"binary-expr","locations":[{"start":{"line":72,"column":4},"end":{"line":72,"column":44}},{"start":{"line":73,"column":4},"end":{"line":73,"column":50}}]},"3":{"loc":{"start":{"line":76,"column":4},"end":{"line":79,"column":null}},"type":"if","locations":[{"start":{"line":76,"column":4},"end":{"line":79,"column":null}}]},"4":{"loc":{"start":{"line":90,"column":2},"end":{"line":100,"column":null}},"type":"if","locations":[{"start":{"line":90,"column":2},"end":{"line":100,"column":null}}]},"5":{"loc":{"start":{"line":102,"column":2},"end":{"line":134,"column":null}},"type":"if","locations":[{"start":{"line":102,"column":2},"end":{"line":134,"column":null}}]},"6":{"loc":{"start":{"line":153,"column":9},"end":{"line":159,"column":null}},"type":"binary-expr","locations":[{"start":{"line":153,"column":9},"end":{"line":153,"column":20}},{"start":{"line":154,"column":10},"end":{"line":158,"column":null}}]}},"s":{"0":3,"1":3,"2":3,"3":3,"4":3,"5":3,"6":3,"7":3,"8":3,"9":3,"10":16,"11":16,"12":16,"13":16,"14":16,"15":16,"16":16,"17":16,"18":16,"19":0,"20":16,"21":0,"22":0,"23":0,"24":0,"25":16,"26":0,"27":0,"28":16,"29":0,"30":16,"31":0,"32":0,"33":0,"34":16,"35":0,"36":16,"37":0,"38":16,"39":0,"40":16,"41":0,"42":16,"43":0,"44":0,"45":0,"46":3},"f":{"0":16,"1":0,"2":0,"3":0,"4":0,"5":0,"6":0,"7":0,"8":0,"9":0,"10":0},"b":{"0":[0],"1":[0],"2":[0,0],"3":[0],"4":[0],"5":[0],"6":[16,0]}}
,"/Users/sebastianernestjarmul/Projects/slist/src/presentation/components/tasks/TasksColumn.tsx": {"path":"/Users/sebastianernestjarmul/Projects/slist/src/presentation/components/tasks/TasksColumn.tsx","statementMap":{"0":{"start":{"line":1,"column":0},"end":{"line":1,"column":65}},"1":{"start":{"line":2,"column":0},"end":{"line":2,"column":34}},"2":{"start":{"line":3,"column":0},"end":{"line":3,"column":41}},"3":{"start":{"line":5,"column":0},"end":{"line":5,"column":53}},"4":{"start":{"line":6,"column":0},"end":{"line":6,"column":56}},"5":{"start":{"line":8,"column":0},"end":{"line":8,"column":36}},"6":{"start":{"line":9,"column":0},"end":{"line":9,"column":70}},"7":{"start":{"line":10,"column":0},"end":{"line":10,"column":28}},"8":{"start":{"line":19,"column":20},"end":{"line":111,"column":1}},"9":{"start":{"line":25,"column":34},"end":{"line":25,"column":58}},"10":{"start":{"line":34,"column":6},"end":{"line":41,"column":4}},"11":{"start":{"line":43,"column":16},"end":{"line":46,"column":4}},"12":{"start":{"line":48,"column":19},"end":{"line":48,"column":72}},"13":{"start":{"line":48,"column":33},"end":{"line":48,"column":62}},"14":{"start":{"line":48,"column":54},"end":{"line":48,"column":61}},"15":{"start":{"line":50,"column":27},"end":{"line":52,"column":3}},"16":{"start":{"line":51,"column":4},"end":{"line":51,"column":22}},"17":{"start":{"line":54,"column":26},"end":{"line":56,"column":3}},"18":{"start":{"line":55,"column":4},"end":{"line":55,"column":23}},"19":{"start":{"line":58,"column":24},"end":{"line":60,"column":3}},"20":{"start":{"line":59,"column":4},"end":{"line":59,"column":23}},"21":{"start":{"line":62,"column":28},"end":{"line":64,"column":3}},"22":{"start":{"line":63,"column":4},"end":{"line":63,"column":63}},"23":{"start":{"line":66,"column":2},"end":{"line":76,"column":null}},"24":{"start":{"line":67,"column":4},"end":{"line":75,"column":6}},"25":{"start":{"line":78,"column":2},"end":{"line":110,"column":4}},"26":{"start":{"line":101,"column":10},"end":{"line":102,"column":null}},"27":{"start":{"line":113,"column":0},"end":{"line":113,"column":27}}},"fnMap":{"0":{"name":"(anonymous_1)","decl":{"start":{"line":19,"column":20},"end":{"line":19,"column":21}},"loc":{"start":{"line":24,"column":23},"end":{"line":111,"column":1}}},"1":{"name":"(anonymous_2)","decl":{"start":{"line":48,"column":27},"end":{"line":48,"column":30}},"loc":{"start":{"line":48,"column":33},"end":{"line":48,"column":62}}},"2":{"name":"(anonymous_3)","decl":{"start":{"line":48,"column":44},"end":{"line":48,"column":45}},"loc":{"start":{"line":48,"column":54},"end":{"line":48,"column":61}}},"3":{"name":"(anonymous_4)","decl":{"start":{"line":50,"column":27},"end":{"line":50,"column":30}},"loc":{"start":{"line":50,"column":32},"end":{"line":52,"column":3}}},"4":{"name":"(anonymous_5)","decl":{"start":{"line":54,"column":26},"end":{"line":54,"column":29}},"loc":{"start":{"line":54,"column":31},"end":{"line":56,"column":3}}},"5":{"name":"(anonymous_6)","decl":{"start":{"line":58,"column":24},"end":{"line":58,"column":27}},"loc":{"start":{"line":58,"column":29},"end":{"line":60,"column":3}}},"6":{"name":"(anonymous_7)","decl":{"start":{"line":62,"column":28},"end":{"line":62,"column":29}},"loc":{"start":{"line":62,"column":49},"end":{"line":64,"column":3}}},"7":{"name":"(anonymous_8)","decl":{"start":{"line":100,"column":19},"end":{"line":100,"column":20}},"loc":{"start":{"line":101,"column":10},"end":{"line":102,"column":null}}}},"branchMap":{"0":{"loc":{"start":{"line":66,"column":2},"end":{"line":76,"column":null}},"type":"if","locations":[{"start":{"line":66,"column":2},"end":{"line":76,"column":null}}]},"1":{"loc":{"start":{"line":88,"column":11},"end":{"line":88,"column":29}},"type":"binary-expr","locations":[{"start":{"line":88,"column":11},"end":{"line":88,"column":20}},{"start":{"line":88,"column":24},"end":{"line":88,"column":29}}]},"2":{"loc":{"start":{"line":89,"column":11},"end":{"line":95,"column":null}},"type":"binary-expr","locations":[{"start":{"line":89,"column":11},"end":{"line":89,"column":19}},{"start":{"line":90,"column":12},"end":{"line":94,"column":null}}]}},"s":{"0":2,"1":2,"2":2,"3":2,"4":2,"5":2,"6":2,"7":2,"8":2,"9":27,"10":27,"11":27,"12":27,"13":18,"14":10,"15":27,"16":1,"17":27,"18":0,"19":27,"20":0,"21":27,"22":1,"23":27,"24":0,"25":27,"26":15,"27":2},"f":{"0":27,"1":18,"2":10,"3":1,"4":0,"5":0,"6":1,"7":15},"b":{"0":[0],"1":[27,26],"2":[27,1]}}
,"/Users/sebastianernestjarmul/Projects/slist/src/presentation/hooks/useLogin.ts": {"path":"/Users/sebastianernestjarmul/Projects/slist/src/presentation/hooks/useLogin.ts","statementMap":{"0":{"start":{"line":1,"column":0},"end":{"line":1,"column":44}},"1":{"start":{"line":2,"column":0},"end":{"line":2,"column":70}},"2":{"start":{"line":4,"column":0},"end":{"line":4,"column":56}},"3":{"start":{"line":6,"column":17},"end":{"line":6,"column":24}},"4":{"start":{"line":8,"column":17},"end":{"line":37,"column":1}},"5":{"start":{"line":9,"column":34},"end":{"line":9,"column":49}},"6":{"start":{"line":11,"column":2},"end":{"line":19,"column":9}},"7":{"start":{"line":12,"column":18},"end":{"line":12,"column":46}},"8":{"start":{"line":14,"column":4},"end":{"line":18,"column":null}},"9":{"start":{"line":15,"column":6},"end":{"line":15,"column":24}},"10":{"start":{"line":17,"column":6},"end":{"line":17,"column":25}},"11":{"start":{"line":21,"column":16},"end":{"line":25,"column":3}},"12":{"start":{"line":22,"column":22},"end":{"line":22,"column":75}},"13":{"start":{"line":23,"column":4},"end":{"line":23,"column":40}},"14":{"start":{"line":24,"column":4},"end":{"line":24,"column":22}},"15":{"start":{"line":27,"column":17},"end":{"line":30,"column":3}},"16":{"start":{"line":28,"column":4},"end":{"line":28,"column":36}},"17":{"start":{"line":29,"column":4},"end":{"line":29,"column":23}},"18":{"start":{"line":32,"column":2},"end":{"line":36,"column":4}},"19":{"start":{"line":39,"column":0},"end":{"line":39,"column":24}}},"fnMap":{"0":{"name":"(anonymous_1)","decl":{"start":{"line":8,"column":17},"end":{"line":8,"column":20}},"loc":{"start":{"line":8,"column":22},"end":{"line":37,"column":1}}},"1":{"name":"(anonymous_2)","decl":{"start":{"line":11,"column":12},"end":{"line":11,"column":15}},"loc":{"start":{"line":11,"column":17},"end":{"line":19,"column":3}}},"2":{"name":"(anonymous_3)","decl":{"start":{"line":21,"column":16},"end":{"line":21,"column":21}},"loc":{"start":{"line":21,"column":68},"end":{"line":25,"column":3}}},"3":{"name":"(anonymous_4)","decl":{"start":{"line":27,"column":17},"end":{"line":27,"column":20}},"loc":{"start":{"line":27,"column":22},"end":{"line":30,"column":3}}}},"branchMap":{"0":{"loc":{"start":{"line":14,"column":4},"end":{"line":18,"column":null}},"type":"if","locations":[{"start":{"line":14,"column":4},"end":{"line":18,"column":null}},{"start":{"line":16,"column":11},"end":{"line":18,"column":null}}]}},"s":{"0":2,"1":2,"2":2,"3":2,"4":2,"5":9,"6":9,"7":7,"8":7,"9":1,"10":6,"11":9,"12":1,"13":1,"14":1,"15":9,"16":1,"17":1,"18":9,"19":2},"f":{"0":9,"1":7,"2":1,"3":1},"b":{"0":[1,6]}}
,"/Users/sebastianernestjarmul/Projects/slist/src/presentation/icons/PlusIcon.tsx": {"path":"/Users/sebastianernestjarmul/Projects/slist/src/presentation/icons/PlusIcon.tsx","statementMap":{"0":{"start":{"line":3,"column":17},"end":{"line":20,"column":1}},"1":{"start":{"line":4,"column":2},"end":{"line":19,"column":4}},"2":{"start":{"line":22,"column":0},"end":{"line":22,"column":24}}},"fnMap":{"0":{"name":"(anonymous_0)","decl":{"start":{"line":3,"column":17},"end":{"line":3,"column":18}},"loc":{"start":{"line":3,"column":46},"end":{"line":20,"column":1}}}},"branchMap":{},"s":{"0":1,"1":6,"2":1},"f":{"0":6},"b":{}}
,"/Users/sebastianernestjarmul/Projects/slist/src/presentation/icons/TrashIcon.tsx": {"path":"/Users/sebastianernestjarmul/Projects/slist/src/presentation/icons/TrashIcon.tsx","statementMap":{"0":{"start":{"line":3,"column":18},"end":{"line":20,"column":1}},"1":{"start":{"line":4,"column":2},"end":{"line":19,"column":4}},"2":{"start":{"line":22,"column":0},"end":{"line":22,"column":25}}},"fnMap":{"0":{"name":"(anonymous_0)","decl":{"start":{"line":3,"column":18},"end":{"line":3,"column":19}},"loc":{"start":{"line":3,"column":47},"end":{"line":20,"column":1}}}},"branchMap":{},"s":{"0":3,"1":0,"2":3},"f":{"0":0},"b":{}}
,"/Users/sebastianernestjarmul/Projects/slist/src/presentation/pages/Login.tsx": {"path":"/Users/sebastianernestjarmul/Projects/slist/src/presentation/pages/Login.tsx","statementMap":{"0":{"start":{"line":1,"column":0},"end":{"line":1,"column":44}},"1":{"start":{"line":2,"column":0},"end":{"line":2,"column":53}},"2":{"start":{"line":3,"column":0},"end":{"line":3,"column":57}},"3":{"start":{"line":4,"column":0},"end":{"line":4,"column":22}},"4":{"start":{"line":5,"column":0},"end":{"line":5,"column":66}},"5":{"start":{"line":6,"column":0},"end":{"line":6,"column":49}},"6":{"start":{"line":7,"column":0},"end":{"line":7,"column":58}},"7":{"start":{"line":9,"column":14},"end":{"line":66,"column":1}},"8":{"start":{"line":10,"column":28},"end":{"line":10,"column":48}},"9":{"start":{"line":11,"column":34},"end":{"line":11,"column":54}},"10":{"start":{"line":13,"column":20},"end":{"line":13,"column":30}},"11":{"start":{"line":15,"column":31},"end":{"line":17,"column":3}},"12":{"start":{"line":16,"column":4},"end":{"line":16,"column":42}},"13":{"start":{"line":19,"column":28},"end":{"line":21,"column":3}},"14":{"start":{"line":20,"column":4},"end":{"line":20,"column":39}},"15":{"start":{"line":23,"column":22},"end":{"line":25,"column":3}},"16":{"start":{"line":24,"column":4},"end":{"line":24,"column":31}},"17":{"start":{"line":27,"column":2},"end":{"line":65,"column":4}},"18":{"start":{"line":68,"column":0},"end":{"line":68,"column":21}}},"fnMap":{"0":{"name":"(anonymous_7)","decl":{"start":{"line":9,"column":14},"end":{"line":9,"column":17}},"loc":{"start":{"line":9,"column":19},"end":{"line":66,"column":1}}},"1":{"name":"(anonymous_8)","decl":{"start":{"line":15,"column":31},"end":{"line":15,"column":32}},"loc":{"start":{"line":15,"column":52},"end":{"line":17,"column":3}}},"2":{"name":"(anonymous_9)","decl":{"start":{"line":19,"column":28},"end":{"line":19,"column":29}},"loc":{"start":{"line":19,"column":49},"end":{"line":21,"column":3}}},"3":{"name":"(anonymous_10)","decl":{"start":{"line":23,"column":22},"end":{"line":23,"column":25}},"loc":{"start":{"line":23,"column":27},"end":{"line":25,"column":3}}}},"branchMap":{},"s":{"0":1,"1":1,"2":1,"3":1,"4":1,"5":1,"6":1,"7":1,"8":2,"9":2,"10":2,"11":2,"12":0,"13":2,"14":0,"15":2,"16":0,"17":2,"18":1},"f":{"0":2,"1":0,"2":0,"3":0},"b":{}}
,"/Users/sebastianernestjarmul/Projects/slist/src/presentation/pages/Tasks.tsx": {"path":"/Users/sebastianernestjarmul/Projects/slist/src/presentation/pages/Tasks.tsx","statementMap":{"0":{"start":{"line":1,"column":0},"end":{"line":1,"column":53}},"1":{"start":{"line":2,"column":0},"end":{"line":2,"column":70}},"2":{"start":{"line":4,"column":0},"end":{"line":4,"column":50}},"3":{"start":{"line":5,"column":0},"end":{"line":5,"column":null}},"4":{"start":{"line":15,"column":0},"end":{"line":15,"column":63}},"5":{"start":{"line":16,"column":0},"end":{"line":16,"column":53}},"6":{"start":{"line":17,"column":0},"end":{"line":17,"column":null}},"7":{"start":{"line":23,"column":0},"end":{"line":23,"column":41}},"8":{"start":{"line":24,"column":0},"end":{"line":24,"column":64}},"9":{"start":{"line":25,"column":0},"end":{"line":25,"column":56}},"10":{"start":{"line":27,"column":0},"end":{"line":27,"column":57}},"11":{"start":{"line":28,"column":0},"end":{"line":28,"column":22}},"12":{"start":{"line":30,"column":14},"end":{"line":215,"column":1}},"13":{"start":{"line":31,"column":28},"end":{"line":31,"column":53}},"14":{"start":{"line":32,"column":32},"end":{"line":32,"column":59}},"15":{"start":{"line":33,"column":42},"end":{"line":33,"column":76}},"16":{"start":{"line":34,"column":38},"end":{"line":34,"column":70}},"17":{"start":{"line":36,"column":21},"end":{"line":38,"column":null}},"18":{"start":{"line":37,"column":10},"end":{"line":37,"column":44}},"19":{"start":{"line":37,"column":34},"end":{"line":37,"column":43}},"20":{"start":{"line":41,"column":2},"end":{"line":46,"column":14}},"21":{"start":{"line":42,"column":4},"end":{"line":45,"column":7}},"22":{"start":{"line":43,"column":6},"end":{"line":43,"column":22}},"23":{"start":{"line":44,"column":6},"end":{"line":44,"column":41}},"24":{"start":{"line":48,"column":18},"end":{"line":53,"column":null}},"25":{"start":{"line":56,"column":21},"end":{"line":59,"column":3}},"26":{"start":{"line":57,"column":4},"end":{"line":57,"column":41}},"27":{"start":{"line":58,"column":4},"end":{"line":58,"column":57}},"28":{"start":{"line":58,"column":36},"end":{"line":58,"column":54}},"29":{"start":{"line":61,"column":21},"end":{"line":64,"column":3}},"30":{"start":{"line":62,"column":4},"end":{"line":62,"column":39}},"31":{"start":{"line":63,"column":4},"end":{"line":63,"column":25}},"32":{"start":{"line":66,"column":23},"end":{"line":72,"column":3}},"33":{"start":{"line":67,"column":38},"end":{"line":68,"column":null}},"34":{"start":{"line":68,"column":6},"end":{"line":68,"column":60}},"35":{"start":{"line":71,"column":4},"end":{"line":71,"column":27}},"36":{"start":{"line":74,"column":24},"end":{"line":77,"column":3}},"37":{"start":{"line":75,"column":4},"end":{"line":75,"column":45}},"38":{"start":{"line":76,"column":4},"end":{"line":76,"column":25}},"39":{"start":{"line":79,"column":26},"end":{"line":89,"column":3}},"40":{"start":{"line":80,"column":4},"end":{"line":83,"column":null}},"41":{"start":{"line":81,"column":6},"end":{"line":81,"column":73}},"42":{"start":{"line":82,"column":6},"end":{"line":82,"column":13}},"43":{"start":{"line":85,"column":4},"end":{"line":88,"column":null}},"44":{"start":{"line":86,"column":6},"end":{"line":86,"column":67}},"45":{"start":{"line":87,"column":6},"end":{"line":87,"column":13}},"46":{"start":{"line":91,"column":25},"end":{"line":131,"column":3}},"47":{"start":{"line":92,"column":29},"end":{"line":92,"column":34}},"48":{"start":{"line":94,"column":4},"end":{"line":96,"column":null}},"49":{"start":{"line":95,"column":6},"end":{"line":95,"column":13}},"50":{"start":{"line":98,"column":21},"end":{"line":98,"column":30}},"51":{"start":{"line":99,"column":19},"end":{"line":99,"column":26}},"52":{"start":{"line":101,"column":4},"end":{"line":101,"column":36}},"53":{"start":{"line":101,"column":29},"end":{"line":101,"column":36}},"54":{"start":{"line":103,"column":25},"end":{"line":103,"column":77}},"55":{"start":{"line":104,"column":23},"end":{"line":104,"column":73}},"56":{"start":{"line":106,"column":4},"end":{"line":106,"column":30}},"57":{"start":{"line":106,"column":23},"end":{"line":106,"column":30}},"58":{"start":{"line":108,"column":4},"end":{"line":117,"column":null}},"59":{"start":{"line":109,"column":6},"end":{"line":116,"column":9}},"60":{"start":{"line":110,"column":28},"end":{"line":110,"column":75}},"61":{"start":{"line":110,"column":54},"end":{"line":110,"column":74}},"62":{"start":{"line":111,"column":26},"end":{"line":111,"column":71}},"63":{"start":{"line":111,"column":52},"end":{"line":111,"column":70}},"64":{"start":{"line":113,"column":8},"end":{"line":113,"column":60}},"65":{"start":{"line":115,"column":8},"end":{"line":115,"column":56}},"66":{"start":{"line":119,"column":25},"end":{"line":119,"column":77}},"67":{"start":{"line":121,"column":4},"end":{"line":130,"column":null}},"68":{"start":{"line":122,"column":6},"end":{"line":129,"column":9}},"69":{"start":{"line":123,"column":28},"end":{"line":123,"column":75}},"70":{"start":{"line":123,"column":54},"end":{"line":123,"column":74}},"71":{"start":{"line":124,"column":26},"end":{"line":124,"column":77}},"72":{"start":{"line":124,"column":56},"end":{"line":124,"column":76}},"73":{"start":{"line":126,"column":8},"end":{"line":126,"column":75}},"74":{"start":{"line":128,"column":8},"end":{"line":128,"column":58}},"75":{"start":{"line":133,"column":24},"end":{"line":159,"column":3}},"76":{"start":{"line":134,"column":4},"end":{"line":134,"column":26}},"77":{"start":{"line":135,"column":4},"end":{"line":135,"column":24}},"78":{"start":{"line":137,"column":29},"end":{"line":137,"column":34}},"79":{"start":{"line":139,"column":4},"end":{"line":141,"column":null}},"80":{"start":{"line":140,"column":6},"end":{"line":140,"column":13}},"81":{"start":{"line":143,"column":21},"end":{"line":143,"column":30}},"82":{"start":{"line":144,"column":19},"end":{"line":144,"column":26}},"83":{"start":{"line":146,"column":4},"end":{"line":146,"column":36}},"84":{"start":{"line":146,"column":29},"end":{"line":146,"column":36}},"85":{"start":{"line":148,"column":4},"end":{"line":158,"column":7}},"86":{"start":{"line":149,"column":32},"end":{"line":150,"column":null}},"87":{"start":{"line":150,"column":20},"end":{"line":150,"column":42}},"88":{"start":{"line":153,"column":30},"end":{"line":154,"column":null}},"89":{"start":{"line":154,"column":20},"end":{"line":154,"column":40}},"90":{"start":{"line":157,"column":6},"end":{"line":157,"column":68}},"91":{"start":{"line":161,"column":2},"end":{"line":214,"column":4}},"92":{"start":{"line":182,"column":14},"end":{"line":183,"column":null}},"93":{"start":{"line":217,"column":0},"end":{"line":217,"column":21}}},"fnMap":{"0":{"name":"(anonymous_1)","decl":{"start":{"line":30,"column":14},"end":{"line":30,"column":17}},"loc":{"start":{"line":30,"column":19},"end":{"line":215,"column":1}}},"1":{"name":"(anonymous_2)","decl":{"start":{"line":37,"column":4},"end":{"line":37,"column":7}},"loc":{"start":{"line":37,"column":10},"end":{"line":37,"column":44}}},"2":{"name":"(anonymous_3)","decl":{"start":{"line":37,"column":22},"end":{"line":37,"column":23}},"loc":{"start":{"line":37,"column":34},"end":{"line":37,"column":43}}},"3":{"name":"(anonymous_4)","decl":{"start":{"line":41,"column":12},"end":{"line":41,"column":15}},"loc":{"start":{"line":41,"column":17},"end":{"line":46,"column":3}}},"4":{"name":"(anonymous_5)","decl":{"start":{"line":42,"column":34},"end":{"line":42,"column":35}},"loc":{"start":{"line":42,"column":57},"end":{"line":45,"column":5}}},"5":{"name":"(anonymous_6)","decl":{"start":{"line":56,"column":21},"end":{"line":56,"column":26}},"loc":{"start":{"line":56,"column":46},"end":{"line":59,"column":3}}},"6":{"name":"(anonymous_7)","decl":{"start":{"line":58,"column":26},"end":{"line":58,"column":27}},"loc":{"start":{"line":58,"column":36},"end":{"line":58,"column":54}}},"7":{"name":"(anonymous_8)","decl":{"start":{"line":61,"column":21},"end":{"line":61,"column":26}},"loc":{"start":{"line":61,"column":47},"end":{"line":64,"column":3}}},"8":{"name":"(anonymous_9)","decl":{"start":{"line":66,"column":23},"end":{"line":66,"column":24}},"loc":{"start":{"line":66,"column":63},"end":{"line":72,"column":3}}},"9":{"name":"(anonymous_10)","decl":{"start":{"line":67,"column":50},"end":{"line":67,"column":51}},"loc":{"start":{"line":68,"column":6},"end":{"line":68,"column":60}}},"10":{"name":"(anonymous_11)","decl":{"start":{"line":74,"column":24},"end":{"line":74,"column":29}},"loc":{"start":{"line":74,"column":35},"end":{"line":77,"column":3}}},"11":{"name":"(anonymous_12)","decl":{"start":{"line":79,"column":26},"end":{"line":79,"column":27}},"loc":{"start":{"line":79,"column":52},"end":{"line":89,"column":3}}},"12":{"name":"(anonymous_13)","decl":{"start":{"line":91,"column":25},"end":{"line":91,"column":26}},"loc":{"start":{"line":91,"column":50},"end":{"line":131,"column":3}}},"13":{"name":"(anonymous_14)","decl":{"start":{"line":109,"column":15},"end":{"line":109,"column":16}},"loc":{"start":{"line":109,"column":25},"end":{"line":116,"column":7}}},"14":{"name":"(anonymous_15)","decl":{"start":{"line":110,"column":44},"end":{"line":110,"column":45}},"loc":{"start":{"line":110,"column":54},"end":{"line":110,"column":74}}},"15":{"name":"(anonymous_16)","decl":{"start":{"line":111,"column":42},"end":{"line":111,"column":43}},"loc":{"start":{"line":111,"column":52},"end":{"line":111,"column":70}}},"16":{"name":"(anonymous_17)","decl":{"start":{"line":122,"column":15},"end":{"line":122,"column":16}},"loc":{"start":{"line":122,"column":25},"end":{"line":129,"column":7}}},"17":{"name":"(anonymous_18)","decl":{"start":{"line":123,"column":44},"end":{"line":123,"column":45}},"loc":{"start":{"line":123,"column":54},"end":{"line":123,"column":74}}},"18":{"name":"(anonymous_19)","decl":{"start":{"line":124,"column":44},"end":{"line":124,"column":45}},"loc":{"start":{"line":124,"column":56},"end":{"line":124,"column":76}}},"19":{"name":"(anonymous_20)","decl":{"start":{"line":133,"column":24},"end":{"line":133,"column":25}},"loc":{"start":{"line":133,"column":48},"end":{"line":159,"column":3}}},"20":{"name":"(anonymous_21)","decl":{"start":{"line":148,"column":15},"end":{"line":148,"column":16}},"loc":{"start":{"line":148,"column":27},"end":{"line":158,"column":5}}},"21":{"name":"(anonymous_22)","decl":{"start":{"line":150,"column":8},"end":{"line":150,"column":9}},"loc":{"start":{"line":150,"column":20},"end":{"line":150,"column":42}}},"22":{"name":"(anonymous_23)","decl":{"start":{"line":154,"column":8},"end":{"line":154,"column":9}},"loc":{"start":{"line":154,"column":20},"end":{"line":154,"column":40}}},"23":{"name":"(anonymous_24)","decl":{"start":{"line":181,"column":25},"end":{"line":181,"column":26}},"loc":{"start":{"line":182,"column":14},"end":{"line":183,"column":null}}}},"branchMap":{"0":{"loc":{"start":{"line":68,"column":6},"end":{"line":68,"column":60}},"type":"cond-expr","locations":[{"start":{"line":68,"column":31},"end":{"line":68,"column":51}},{"start":{"line":68,"column":54},"end":{"line":68,"column":60}}]},"1":{"loc":{"start":{"line":80,"column":4},"end":{"line":83,"column":null}},"type":"if","locations":[{"start":{"line":80,"column":4},"end":{"line":83,"column":null}}]},"2":{"loc":{"start":{"line":85,"column":4},"end":{"line":88,"column":null}},"type":"if","locations":[{"start":{"line":85,"column":4},"end":{"line":88,"column":null}}]},"3":{"loc":{"start":{"line":94,"column":4},"end":{"line":96,"column":null}},"type":"if","locations":[{"start":{"line":94,"column":4},"end":{"line":96,"column":null}}]},"4":{"loc":{"start":{"line":101,"column":4},"end":{"line":101,"column":36}},"type":"if","locations":[{"start":{"line":101,"column":4},"end":{"line":101,"column":36}}]},"5":{"loc":{"start":{"line":106,"column":4},"end":{"line":106,"column":30}},"type":"if","locations":[{"start":{"line":106,"column":4},"end":{"line":106,"column":30}}]},"6":{"loc":{"start":{"line":108,"column":4},"end":{"line":117,"column":null}},"type":"if","locations":[{"start":{"line":108,"column":4},"end":{"line":117,"column":null}}]},"7":{"loc":{"start":{"line":108,"column":8},"end":{"line":108,"column":34}},"type":"binary-expr","locations":[{"start":{"line":108,"column":8},"end":{"line":108,"column":20}},{"start":{"line":108,"column":24},"end":{"line":108,"column":34}}]},"8":{"loc":{"start":{"line":121,"column":4},"end":{"line":130,"column":null}},"type":"if","locations":[{"start":{"line":121,"column":4},"end":{"line":130,"column":null}}]},"9":{"loc":{"start":{"line":121,"column":8},"end":{"line":121,"column":36}},"type":"binary-expr","locations":[{"start":{"line":121,"column":8},"end":{"line":121,"column":20}},{"start":{"line":121,"column":24},"end":{"line":121,"column":36}}]},"10":{"loc":{"start":{"line":139,"column":4},"end":{"line":141,"column":null}},"type":"if","locations":[{"start":{"line":139,"column":4},"end":{"line":141,"column":null}}]},"11":{"loc":{"start":{"line":146,"column":4},"end":{"line":146,"column":36}},"type":"if","locations":[{"start":{"line":146,"column":4},"end":{"line":146,"column":36}}]},"12":{"loc":{"start":{"line":194,"column":13},"end":{"line":200,"column":null}},"type":"binary-expr","locations":[{"start":{"line":194,"column":13},"end":{"line":194,"column":25}},{"start":{"line":195,"column":14},"end":{"line":199,"column":null}}]},"13":{"loc":{"start":{"line":202,"column":13},"end":{"line":207,"column":null}},"type":"binary-expr","locations":[{"start":{"line":202,"column":13},"end":{"line":202,"column":23}},{"start":{"line":203,"column":14},"end":{"line":206,"column":null}}]}},"s":{"0":1,"1":1,"2":1,"3":1,"4":1,"5":1,"6":1,"7":1,"8":1,"9":1,"10":1,"11":1,"12":1,"13":6,"14":6,"15":6,"16":6,"17":6,"18":6,"19":16,"20":6,"21":4,"22":4,"23":4,"24":6,"25":6,"26":0,"27":0,"28":0,"29":6,"30":0,"31":0,"32":6,"33":0,"34":0,"35":0,"36":6,"37":0,"38":0,"39":6,"40":0,"41":0,"42":0,"43":0,"44":0,"45":0,"46":6,"47":0,"48":0,"49":0,"50":0,"51":0,"52":0,"53":0,"54":0,"55":0,"56":0,"57":0,"58":0,"59":0,"60":0,"61":0,"62":0,"63":0,"64":0,"65":0,"66":0,"67":0,"68":0,"69":0,"70":0,"71":0,"72":0,"73":0,"74":0,"75":6,"76":0,"77":0,"78":0,"79":0,"80":0,"81":0,"82":0,"83":0,"84":0,"85":0,"86":0,"87":0,"88":0,"89":0,"90":0,"91":6,"92":16,"93":1},"f":{"0":6,"1":6,"2":16,"3":4,"4":4,"5":0,"6":0,"7":0,"8":0,"9":0,"10":0,"11":0,"12":0,"13":0,"14":0,"15":0,"16":0,"17":0,"18":0,"19":0,"20":0,"21":0,"22":0,"23":16},"b":{"0":[0,0],"1":[0],"2":[0],"3":[0],"4":[0],"5":[0],"6":[0],"7":[0,0],"8":[0],"9":[0,0],"10":[0],"11":[0],"12":[6,0],"13":[6,0]}}
,"/Users/sebastianernestjarmul/Projects/slist/src/presentation/utils/shared.utils.ts": {"path":"/Users/sebastianernestjarmul/Projects/slist/src/presentation/utils/shared.utils.ts","statementMap":{"0":{"start":{"line":5,"column":17},"end":{"line":5,"column":41}},"1":{"start":{"line":6,"column":20},"end":{"line":6,"column":26}},"2":{"start":{"line":7,"column":2},"end":{"line":7,"column":20}},"3":{"start":{"line":8,"column":2},"end":{"line":8,"column":23}},"4":{"start":{"line":4,"column":0},"end":{"line":4,"column":16}},"5":{"start":{"line":12,"column":17},"end":{"line":12,"column":41}},"6":{"start":{"line":13,"column":2},"end":{"line":13,"column":22}},"7":{"start":{"line":11,"column":0},"end":{"line":11,"column":16}}},"fnMap":{"0":{"name":"setCursorOnEnd","decl":{"start":{"line":4,"column":16},"end":{"line":4,"column":30}},"loc":{"start":{"line":4,"column":43},"end":{"line":9,"column":1}}},"1":{"name":"getValueFromEvent","decl":{"start":{"line":11,"column":16},"end":{"line":11,"column":33}},"loc":{"start":{"line":11,"column":46},"end":{"line":14,"column":1}}}},"branchMap":{},"s":{"0":1,"1":1,"2":1,"3":1,"4":5,"5":1,"6":1,"7":5},"f":{"0":1,"1":1},"b":{}}
,"/Users/sebastianernestjarmul/Projects/slist/src/presentation/utils/task.utils.ts": {"path":"/Users/sebastianernestjarmul/Projects/slist/src/presentation/utils/task.utils.ts","statementMap":{"0":{"start":{"line":1,"column":0},"end":{"line":1,"column":47}},"1":{"start":{"line":5,"column":41},"end":{"line":6,"column":33}},"2":{"start":{"line":6,"column":2},"end":{"line":6,"column":33}},"3":{"start":{"line":5,"column":13},"end":{"line":5,"column":41}},"4":{"start":{"line":8,"column":44},"end":{"line":9,"column":27}},"5":{"start":{"line":9,"column":2},"end":{"line":9,"column":27}},"6":{"start":{"line":8,"column":13},"end":{"line":8,"column":44}},"7":{"start":{"line":11,"column":41},"end":{"line":12,"column":33}},"8":{"start":{"line":12,"column":2},"end":{"line":12,"column":33}},"9":{"start":{"line":11,"column":13},"end":{"line":11,"column":41}},"10":{"start":{"line":14,"column":43},"end":{"line":15,"column":35}},"11":{"start":{"line":15,"column":2},"end":{"line":15,"column":35}},"12":{"start":{"line":14,"column":13},"end":{"line":14,"column":43}},"13":{"start":{"line":17,"column":31},"end":{"line":42,"column":2}},"14":{"start":{"line":17,"column":70},"end":{"line":42,"column":2}},"15":{"start":{"line":22,"column":27},"end":{"line":22,"column":61}},"16":{"start":{"line":28,"column":45},"end":{"line":28,"column":76}},"17":{"start":{"line":34,"column":27},"end":{"line":34,"column":65}},"18":{"start":{"line":40,"column":45},"end":{"line":40,"column":76}},"19":{"start":{"line":17,"column":13},"end":{"line":17,"column":31}}},"fnMap":{"0":{"name":"(anonymous_0)","decl":{"start":{"line":5,"column":41},"end":{"line":5,"column":42}},"loc":{"start":{"line":6,"column":2},"end":{"line":6,"column":33}}},"1":{"name":"(anonymous_1)","decl":{"start":{"line":8,"column":44},"end":{"line":8,"column":45}},"loc":{"start":{"line":9,"column":2},"end":{"line":9,"column":27}}},"2":{"name":"(anonymous_2)","decl":{"start":{"line":11,"column":41},"end":{"line":11,"column":42}},"loc":{"start":{"line":12,"column":2},"end":{"line":12,"column":33}}},"3":{"name":"(anonymous_3)","decl":{"start":{"line":14,"column":43},"end":{"line":14,"column":44}},"loc":{"start":{"line":15,"column":2},"end":{"line":15,"column":35}}},"4":{"name":"(anonymous_4)","decl":{"start":{"line":17,"column":31},"end":{"line":17,"column":32}},"loc":{"start":{"line":17,"column":70},"end":{"line":42,"column":2}}},"5":{"name":"(anonymous_5)","decl":{"start":{"line":22,"column":6},"end":{"line":22,"column":7}},"loc":{"start":{"line":22,"column":27},"end":{"line":22,"column":61}}},"6":{"name":"(anonymous_6)","decl":{"start":{"line":28,"column":24},"end":{"line":28,"column":25}},"loc":{"start":{"line":28,"column":45},"end":{"line":28,"column":76}}},"7":{"name":"(anonymous_7)","decl":{"start":{"line":34,"column":6},"end":{"line":34,"column":7}},"loc":{"start":{"line":34,"column":27},"end":{"line":34,"column":65}}},"8":{"name":"(anonymous_8)","decl":{"start":{"line":40,"column":24},"end":{"line":40,"column":25}},"loc":{"start":{"line":40,"column":45},"end":{"line":40,"column":76}}}},"branchMap":{},"s":{"0":2,"1":2,"2":1,"3":2,"4":2,"5":1,"6":2,"7":2,"8":1,"9":2,"10":2,"11":1,"12":2,"13":2,"14":5,"15":12,"16":12,"17":12,"18":12,"19":2},"f":{"0":1,"1":1,"2":1,"3":1,"4":5,"5":12,"6":12,"7":12,"8":12},"b":{}}
,"/Users/sebastianernestjarmul/Projects/slist/src/tests/unit/presentation/mocks/style.mock.ts": {"path":"/Users/sebastianernestjarmul/Projects/slist/src/tests/unit/presentation/mocks/style.mock.ts","statementMap":{"0":{"start":{"line":1,"column":0},"end":{"line":1,"column":20}}},"fnMap":{},"branchMap":{},"s":{"0":5},"f":{},"b":{}}
,"/Users/sebastianernestjarmul/Projects/slist/src/tests/unit/presentation/mocks/tasks.mock.ts": {"path":"/Users/sebastianernestjarmul/Projects/slist/src/tests/unit/presentation/mocks/tasks.mock.ts","statementMap":{"0":{"start":{"line":1,"column":0},"end":{"line":1,"column":47}},"1":{"start":{"line":4,"column":13},"end":{"line":9,"column":2}},"2":{"start":{"line":11,"column":13},"end":{"line":16,"column":2}},"3":{"start":{"line":18,"column":13},"end":{"line":18,"column":48}},"4":{"start":{"line":20,"column":13},"end":{"line":24,"column":2}}},"fnMap":{},"branchMap":{},"s":{"0":3,"1":3,"2":3,"3":3,"4":3},"f":{},"b":{}}
,"/Users/sebastianernestjarmul/Projects/slist/src/usecases/authentication.usecase.ts": {"path":"/Users/sebastianernestjarmul/Projects/slist/src/usecases/authentication.usecase.ts","statementMap":{"0":{"start":{"line":2,"column":0},"end":{"line":2,"column":62}},"1":{"start":{"line":9,"column":14},"end":{"line":9,"column":51}},"2":{"start":{"line":12,"column":22},"end":{"line":12,"column":67}},"3":{"start":{"line":14,"column":4},"end":{"line":14,"column":21}},"4":{"start":{"line":8,"column":0},"end":{"line":8,"column":13}},"5":{"start":{"line":18,"column":0},"end":{"line":18,"column":56}}},"fnMap":{"0":{"name":"(anonymous_0)","decl":{"start":{"line":9,"column":2},"end":{"line":9,"column":14}},"loc":{"start":{"line":9,"column":48},"end":{"line":9,"column":52}}},"1":{"name":"(anonymous_1)","decl":{"start":{"line":11,"column":2},"end":{"line":11,"column":7}},"loc":{"start":{"line":11,"column":55},"end":{"line":15,"column":3}}}},"branchMap":{},"s":{"0":3,"1":4,"2":1,"3":1,"4":3,"5":3},"f":{"0":4,"1":1},"b":{}}
,"/Users/sebastianernestjarmul/Projects/slist/src/usecases/storage.usecase.ts": {"path":"/Users/sebastianernestjarmul/Projects/slist/src/usecases/storage.usecase.ts","statementMap":{"0":{"start":{"line":8,"column":14},"end":{"line":8,"column":42}},"1":{"start":{"line":11,"column":4},"end":{"line":11,"column":37}},"2":{"start":{"line":15,"column":4},"end":{"line":15,"column":37}},"3":{"start":{"line":19,"column":4},"end":{"line":19,"column":40}},"4":{"start":{"line":7,"column":0},"end":{"line":7,"column":13}},"5":{"start":{"line":23,"column":0},"end":{"line":23,"column":48}}},"fnMap":{"0":{"name":"(anonymous_0)","decl":{"start":{"line":8,"column":2},"end":{"line":8,"column":14}},"loc":{"start":{"line":8,"column":39},"end":{"line":8,"column":43}}},"1":{"name":"(anonymous_1)","decl":{"start":{"line":10,"column":2},"end":{"line":10,"column":5}},"loc":{"start":{"line":10,"column":17},"end":{"line":12,"column":3}}},"2":{"name":"(anonymous_2)","decl":{"start":{"line":14,"column":2},"end":{"line":14,"column":5}},"loc":{"start":{"line":14,"column":32},"end":{"line":16,"column":3}}},"3":{"name":"(anonymous_3)","decl":{"start":{"line":18,"column":2},"end":{"line":18,"column":8}},"loc":{"start":{"line":18,"column":20},"end":{"line":20,"column":3}}}},"branchMap":{},"s":{"0":7,"1":4,"2":1,"3":1,"4":3,"5":3},"f":{"0":7,"1":4,"2":1,"3":1},"b":{}}
,"/Users/sebastianernestjarmul/Projects/slist/src/usecases/task.usecase.ts": {"path":"/Users/sebastianernestjarmul/Projects/slist/src/usecases/task.usecase.ts","statementMap":{"0":{"start":{"line":1,"column":0},"end":{"line":1,"column":62}},"1":{"start":{"line":12,"column":14},"end":{"line":12,"column":51}},"2":{"start":{"line":15,"column":18},"end":{"line":15,"column":49}},"3":{"start":{"line":16,"column":4},"end":{"line":16,"column":17}},"4":{"start":{"line":20,"column":20},"end":{"line":20,"column":52}},"5":{"start":{"line":21,"column":4},"end":{"line":21,"column":19}},"6":{"start":{"line":25,"column":24},"end":{"line":25,"column":55}},"7":{"start":{"line":26,"column":4},"end":{"line":26,"column":23}},"8":{"start":{"line":30,"column":24},"end":{"line":30,"column":53}},"9":{"start":{"line":31,"column":4},"end":{"line":31,"column":23}},"10":{"start":{"line":11,"column":0},"end":{"line":11,"column":13}},"11":{"start":{"line":35,"column":0},"end":{"line":35,"column":46}}},"fnMap":{"0":{"name":"(anonymous_1)","decl":{"start":{"line":12,"column":2},"end":{"line":12,"column":14}},"loc":{"start":{"line":12,"column":48},"end":{"line":12,"column":52}}},"1":{"name":"(anonymous_2)","decl":{"start":{"line":14,"column":2},"end":{"line":14,"column":7}},"loc":{"start":{"line":14,"column":18},"end":{"line":17,"column":3}}},"2":{"name":"(anonymous_3)","decl":{"start":{"line":19,"column":2},"end":{"line":19,"column":7}},"loc":{"start":{"line":19,"column":32},"end":{"line":22,"column":3}}},"3":{"name":"(anonymous_4)","decl":{"start":{"line":24,"column":2},"end":{"line":24,"column":7}},"loc":{"start":{"line":24,"column":34},"end":{"line":27,"column":3}}},"4":{"name":"(anonymous_5)","decl":{"start":{"line":29,"column":2},"end":{"line":29,"column":7}},"loc":{"start":{"line":29,"column":29},"end":{"line":32,"column":3}}}},"branchMap":{},"s":{"0":2,"1":6,"2":1,"3":1,"4":1,"5":1,"6":1,"7":1,"8":1,"9":1,"10":2,"11":2},"f":{"0":6,"1":1,"2":1,"3":1,"4":1},"b":{}}
}
