TN:
SF:src/enums/shared.enum.ts
FN:1,(anonymous_0)
FN:6,(anonymous_1)
FNF:2
FNH:2
FNDA:3,(anonymous_0)
FNDA:3,(anonymous_1)
DA:1,3
DA:2,3
DA:3,3
DA:6,3
DA:7,3
DA:8,3
LF:6
LH:6
BRDA:1,0,0,3
BRDA:1,0,1,3
BRDA:6,1,0,3
BRDA:6,1,1,3
BRF:4
BRH:4
end_of_record
TN:
SF:src/enums/task.enum.ts
FN:1,(anonymous_0)
FNF:1
FNH:1
FNDA:7,(anonymous_0)
DA:1,7
DA:2,7
DA:3,7
DA:4,7
DA:5,7
LF:5
LH:5
BRDA:1,0,0,7
BRDA:1,0,1,7
BRF:2
BRH:2
end_of_record
TN:
SF:src/infrastructure/auth.api.ts
FN:12,(anonymous_0)
FNF:1
FNH:1
FNDA:1,(anonymous_0)
DA:7,4
DA:11,4
DA:13,1
LF:3
LH:3
BRF:0
BRH:0
end_of_record
TN:
SF:src/infrastructure/task.api.ts
FN:57,generateID
FN:62,(anonymous_1)
FN:66,(anonymous_2)
FN:77,(anonymous_3)
FN:78,(anonymous_4)
FN:85,(anonymous_5)
FN:86,(anonymous_6)
FN:93,(anonymous_7)
FN:94,(anonymous_8)
FNF:9
FNH:9
FNDA:23,generateID
FNDA:4,(anonymous_1)
FNDA:1,(anonymous_2)
FNDA:1,(anonymous_3)
FNDA:1,(anonymous_4)
FNDA:1,(anonymous_5)
FNDA:1,(anonymous_6)
FNDA:1,(anonymous_7)
FNDA:1,(anonymous_8)
DA:1,3
DA:12,3
DA:57,3
DA:58,23
DA:63,4
DA:67,1
DA:73,1
DA:74,1
DA:78,1
DA:79,1
DA:80,1
DA:82,1
DA:86,1
DA:87,1
DA:88,1
DA:90,1
DA:94,1
DA:95,1
DA:96,1
DA:98,1
DA:102,3
LF:21
LH:21
BRDA:79,0,0,1
BRDA:87,1,0,1
BRDA:95,2,0,1
BRF:3
BRH:3
end_of_record
TN:
SF:src/presentation/components/Background.tsx
FN:1,(anonymous_0)
FNF:1
FNH:1
FNDA:1,(anonymous_0)
DA:1,1
DA:2,1
DA:12,1
LF:3
LH:3
BRF:0
BRH:0
end_of_record
TN:
SF:src/presentation/components/tasks/TaskItem.tsx
FN:19,(anonymous_1)
FN:49,(anonymous_2)
FN:53,(anonymous_3)
FN:62,(anonymous_4)
FN:68,(anonymous_5)
FN:72,(anonymous_6)
FN:79,(anonymous_7)
FN:83,(anonymous_8)
FN:137,(anonymous_9)
FN:138,(anonymous_10)
FN:153,(anonymous_11)
FNF:11
FNH:1
FNDA:16,(anonymous_1)
FNDA:0,(anonymous_2)
FNDA:0,(anonymous_3)
FNDA:0,(anonymous_4)
FNDA:0,(anonymous_5)
FNDA:0,(anonymous_6)
FNDA:0,(anonymous_7)
FNDA:0,(anonymous_8)
FNDA:0,(anonymous_9)
FNDA:0,(anonymous_10)
FNDA:0,(anonymous_11)
DA:1,3
DA:2,3
DA:3,3
DA:5,3
DA:6,3
DA:7,3
DA:19,3
DA:20,16
DA:21,16
DA:22,16
DA:23,16
DA:25,16
DA:26,16
DA:35,16
DA:44,16
DA:49,16
DA:50,0
DA:53,16
DA:54,0
DA:55,0
DA:57,0
DA:58,0
DA:62,16
DA:63,0
DA:64,0
DA:68,16
DA:69,0
DA:72,16
DA:73,0
DA:74,0
DA:75,0
DA:79,16
DA:80,0
DA:83,16
DA:84,0
DA:87,16
DA:88,0
DA:99,16
DA:100,0
DA:133,16
DA:137,0
DA:138,0
DA:153,0
DA:163,3
LF:44
LH:26
BRDA:57,0,0,0
BRDA:63,1,0,0
BRDA:69,2,0,0
BRDA:69,2,1,0
BRDA:73,3,0,0
BRDA:87,4,0,0
BRDA:99,5,0,0
BRDA:150,6,0,16
BRDA:150,6,1,0
BRF:9
BRH:1
end_of_record
TN:
SF:src/presentation/components/tasks/TasksColumn.tsx
FN:16,(anonymous_1)
FN:45,(anonymous_2)
FN:45,(anonymous_3)
FN:47,(anonymous_4)
FN:51,(anonymous_5)
FN:55,(anonymous_6)
FN:61,(anonymous_7)
FN:105,(anonymous_8)
FNF:8
FNH:6
FNDA:27,(anonymous_1)
FNDA:18,(anonymous_2)
FNDA:10,(anonymous_3)
FNDA:1,(anonymous_4)
FNDA:0,(anonymous_5)
FNDA:0,(anonymous_6)
FNDA:1,(anonymous_7)
FNDA:15,(anonymous_8)
DA:1,2
DA:2,2
DA:3,2
DA:5,2
DA:6,2
DA:16,2
DA:22,27
DA:31,27
DA:40,27
DA:45,27
DA:47,27
DA:48,1
DA:51,27
DA:52,0
DA:55,27
DA:56,0
DA:57,0
DA:61,27
DA:62,1
DA:65,27
DA:66,0
DA:81,27
DA:106,15
DA:118,2
LF:24
LH:20
BRDA:56,0,0,0
BRDA:65,1,0,0
BRDA:91,2,0,27
BRDA:91,2,1,26
BRDA:92,3,0,27
BRDA:92,3,1,1
BRF:6
BRH:4
end_of_record
TN:
SF:src/presentation/hooks/useLogin.ts
FN:8,(anonymous_1)
FN:11,(anonymous_2)
FN:21,(anonymous_3)
FN:27,(anonymous_4)
FNF:4
FNH:4
FNDA:6,(anonymous_1)
FNDA:5,(anonymous_2)
FNDA:1,(anonymous_3)
FNDA:1,(anonymous_4)
DA:1,2
DA:2,2
DA:4,2
DA:6,2
DA:8,2
DA:9,6
DA:11,6
DA:12,5
DA:14,5
DA:15,0
DA:17,5
DA:21,6
DA:22,1
DA:23,1
DA:24,1
DA:27,6
DA:28,1
DA:29,1
DA:32,6
DA:39,2
LF:20
LH:19
BRDA:14,0,0,0
BRDA:14,0,1,5
BRF:2
BRH:1
end_of_record
TN:
SF:src/presentation/icons/PlusIcon.tsx
FN:3,(anonymous_0)
FNF:1
FNH:1
FNDA:6,(anonymous_0)
DA:3,1
DA:4,6
DA:22,1
LF:3
LH:3
BRF:0
BRH:0
end_of_record
TN:
SF:src/presentation/icons/TrashIcon.tsx
FN:3,(anonymous_0)
FNF:1
FNH:0
FNDA:0,(anonymous_0)
DA:3,3
DA:4,0
DA:22,3
LF:3
LH:2
BRF:0
BRH:0
end_of_record
TN:
SF:src/presentation/pages/Login.tsx
FN:5,(anonymous_1)
FN:11,(anonymous_2)
FN:15,(anonymous_3)
FN:19,(anonymous_4)
FNF:4
FNH:1
FNDA:2,(anonymous_1)
FNDA:0,(anonymous_2)
FNDA:0,(anonymous_3)
FNDA:0,(anonymous_4)
DA:1,1
DA:2,1
DA:3,1
DA:5,1
DA:6,2
DA:7,2
DA:9,2
DA:11,2
DA:12,0
DA:15,2
DA:16,0
DA:19,2
DA:20,0
DA:23,2
DA:68,1
LF:15
LH:12
BRF:0
BRH:0
end_of_record
TN:
SF:src/presentation/pages/Tasks.tsx
FN:29,(anonymous_1)
FN:36,(anonymous_2)
FN:36,(anonymous_3)
FN:40,(anonymous_4)
FN:41,(anonymous_5)
FN:55,(anonymous_6)
FN:57,(anonymous_7)
FN:60,(anonymous_8)
FN:65,(anonymous_9)
FN:66,(anonymous_10)
FN:73,(anonymous_11)
FN:78,(anonymous_12)
FN:90,(anonymous_13)
FN:108,(anonymous_14)
FN:109,(anonymous_15)
FN:110,(anonymous_16)
FN:121,(anonymous_17)
FN:122,(anonymous_18)
FN:123,(anonymous_19)
FN:132,(anonymous_20)
FN:147,(anonymous_21)
FN:149,(anonymous_22)
FN:153,(anonymous_23)
FN:180,(anonymous_24)
FNF:24
FNH:6
FNDA:6,(anonymous_1)
FNDA:6,(anonymous_2)
FNDA:16,(anonymous_3)
FNDA:4,(anonymous_4)
FNDA:4,(anonymous_5)
FNDA:0,(anonymous_6)
FNDA:0,(anonymous_7)
FNDA:0,(anonymous_8)
FNDA:0,(anonymous_9)
FNDA:0,(anonymous_10)
FNDA:0,(anonymous_11)
FNDA:0,(anonymous_12)
FNDA:0,(anonymous_13)
FNDA:0,(anonymous_14)
FNDA:0,(anonymous_15)
FNDA:0,(anonymous_16)
FNDA:0,(anonymous_17)
FNDA:0,(anonymous_18)
FNDA:0,(anonymous_19)
FNDA:0,(anonymous_20)
FNDA:0,(anonymous_21)
FNDA:0,(anonymous_22)
FNDA:0,(anonymous_23)
FNDA:16,(anonymous_24)
DA:1,1
DA:2,1
DA:4,1
DA:5,1
DA:15,1
DA:16,1
DA:17,1
DA:23,1
DA:24,1
DA:25,1
DA:27,1
DA:29,1
DA:30,6
DA:31,6
DA:32,6
DA:33,6
DA:35,6
DA:36,16
DA:40,6
DA:41,4
DA:42,4
DA:43,4
DA:47,6
DA:55,6
DA:56,0
DA:57,0
DA:60,6
DA:61,0
DA:62,0
DA:65,6
DA:66,0
DA:67,0
DA:70,0
DA:73,6
DA:74,0
DA:75,0
DA:78,6
DA:79,0
DA:80,0
DA:81,0
DA:84,0
DA:85,0
DA:86,0
DA:90,6
DA:91,0
DA:93,0
DA:94,0
DA:97,0
DA:98,0
DA:100,0
DA:102,0
DA:103,0
DA:105,0
DA:107,0
DA:108,0
DA:109,0
DA:110,0
DA:112,0
DA:114,0
DA:118,0
DA:120,0
DA:121,0
DA:122,0
DA:123,0
DA:125,0
DA:127,0
DA:132,6
DA:133,0
DA:134,0
DA:136,0
DA:138,0
DA:139,0
DA:142,0
DA:143,0
DA:145,0
DA:147,0
DA:148,0
DA:149,0
DA:152,0
DA:153,0
DA:156,0
DA:160,6
DA:181,16
DA:216,1
LF:84
LH:33
BRDA:67,0,0,0
BRDA:67,0,1,0
BRDA:79,1,0,0
BRDA:84,2,0,0
BRDA:93,3,0,0
BRDA:100,4,0,0
BRDA:105,5,0,0
BRDA:107,6,0,0
BRDA:107,7,0,0
BRDA:107,7,1,0
BRDA:120,8,0,0
BRDA:120,9,0,0
BRDA:120,9,1,0
BRDA:138,10,0,0
BRDA:145,11,0,0
BRDA:193,12,0,6
BRDA:193,12,1,0
BRDA:201,13,0,6
BRDA:201,13,1,0
BRF:19
BRH:2
end_of_record
TN:
SF:src/presentation/utils/shared.utils.ts
FN:4,setCursorOnEnd
FN:11,getValueFromEvent
FNF:2
FNH:0
FNDA:0,setCursorOnEnd
FNDA:0,getValueFromEvent
DA:4,3
DA:5,0
DA:6,0
DA:7,0
DA:8,0
DA:11,3
DA:12,0
DA:13,0
LF:8
LH:2
BRF:0
BRH:0
end_of_record
TN:
SF:src/presentation/utils/task.utils.ts
FN:5,(anonymous_0)
FN:8,(anonymous_1)
FN:11,(anonymous_2)
FN:14,(anonymous_3)
FN:17,(anonymous_4)
FN:22,(anonymous_5)
FN:28,(anonymous_6)
FN:34,(anonymous_7)
FN:40,(anonymous_8)
FNF:9
FNH:5
FNDA:0,(anonymous_0)
FNDA:0,(anonymous_1)
FNDA:0,(anonymous_2)
FNDA:0,(anonymous_3)
FNDA:4,(anonymous_4)
FNDA:8,(anonymous_5)
FNDA:8,(anonymous_6)
FNDA:8,(anonymous_7)
FNDA:8,(anonymous_8)
DA:1,1
DA:5,1
DA:6,0
DA:8,1
DA:9,0
DA:11,1
DA:12,0
DA:14,1
DA:15,0
DA:17,4
DA:22,8
DA:28,8
DA:34,8
DA:40,8
LF:14
LH:10
BRF:0
BRH:0
end_of_record
TN:
SF:src/tests/unit/presentation/mocks/tasks.mock.ts
FNF:0
FNH:0
DA:1,3
DA:4,3
DA:11,3
DA:18,3
DA:20,3
LF:5
LH:5
BRF:0
BRH:0
end_of_record
TN:
SF:src/usecases/authentication.usecase.ts
FN:9,(anonymous_0)
FN:11,(anonymous_1)
FNF:2
FNH:2
FNDA:4,(anonymous_0)
FNDA:1,(anonymous_1)
DA:2,3
DA:8,3
DA:9,4
DA:12,1
DA:14,1
DA:18,3
LF:6
LH:6
BRF:0
BRH:0
end_of_record
TN:
SF:src/usecases/storage.usecase.ts
FN:8,(anonymous_0)
FN:10,(anonymous_1)
FN:14,(anonymous_2)
FN:18,(anonymous_3)
FNF:4
FNH:4
FNDA:7,(anonymous_0)
FNDA:4,(anonymous_1)
FNDA:1,(anonymous_2)
FNDA:1,(anonymous_3)
DA:7,3
DA:8,7
DA:11,4
DA:15,1
DA:19,1
DA:23,3
LF:6
LH:6
BRF:0
BRH:0
end_of_record
TN:
SF:src/usecases/task.usecase.ts
FN:12,(anonymous_1)
FN:14,(anonymous_2)
FN:19,(anonymous_3)
FN:24,(anonymous_4)
FN:29,(anonymous_5)
FNF:5
FNH:5
FNDA:6,(anonymous_1)
FNDA:1,(anonymous_2)
FNDA:1,(anonymous_3)
FNDA:1,(anonymous_4)
FNDA:1,(anonymous_5)
DA:1,2
DA:11,2
DA:12,6
DA:15,1
DA:16,1
DA:20,1
DA:21,1
DA:25,1
DA:26,1
DA:30,1
DA:31,1
DA:35,2
LF:12
LH:12
BRF:0
BRH:0
end_of_record
