TN:
SF:src/enums/shared.enum.ts
FN:1,(anonymous_0)
FN:6,(anonymous_1)
FNF:2
FNH:2
FNDA:5,(anonymous_0)
FNDA:5,(anonymous_1)
DA:1,5
DA:2,5
DA:3,5
DA:6,5
DA:7,5
DA:8,5
LF:6
LH:6
BRDA:1,0,0,5
BRDA:1,0,1,5
BRDA:6,1,0,5
BRDA:6,1,1,5
BRF:4
BRH:4
end_of_record
TN:
SF:src/enums/task.enum.ts
FN:1,(anonymous_0)
FNF:1
FNH:1
FNDA:8,(anonymous_0)
DA:1,8
DA:2,8
DA:3,8
DA:4,8
DA:5,8
LF:5
LH:5
BRDA:1,0,0,8
BRDA:1,0,1,8
BRF:2
BRH:2
end_of_record
TN:
SF:src/infrastructure/auth.api.ts
FN:12,(anonymous_0)
FNF:1
FNH:1
FNDA:1,(anonymous_0)
DA:7,4
DA:11,4
DA:13,1
LF:3
LH:3
BRF:0
BRH:0
end_of_record
TN:
SF:src/infrastructure/task.api.ts
FN:57,generateID
FN:62,(anonymous_1)
FN:66,(anonymous_2)
FN:77,(anonymous_3)
FN:78,(anonymous_4)
FN:85,(anonymous_5)
FN:86,(anonymous_6)
FN:93,(anonymous_7)
FN:94,(anonymous_8)
FNF:9
FNH:9
FNDA:23,generateID
FNDA:4,(anonymous_1)
FNDA:1,(anonymous_2)
FNDA:1,(anonymous_3)
FNDA:1,(anonymous_4)
FNDA:1,(anonymous_5)
FNDA:1,(anonymous_6)
FNDA:1,(anonymous_7)
FNDA:1,(anonymous_8)
DA:1,3
DA:12,3
DA:57,3
DA:58,23
DA:63,4
DA:67,1
DA:73,1
DA:74,1
DA:78,1
DA:79,1
DA:80,1
DA:82,1
DA:86,1
DA:87,1
DA:88,1
DA:90,1
DA:94,1
DA:95,1
DA:96,1
DA:98,1
DA:102,3
LF:21
LH:21
BRDA:79,0,0,1
BRDA:87,1,0,1
BRDA:95,2,0,1
BRF:3
BRH:3
end_of_record
TN:
SF:src/presentation/components/background/Background.tsx
FN:3,(anonymous_0)
FNF:1
FNH:1
FNDA:1,(anonymous_0)
DA:1,1
DA:3,1
DA:4,1
DA:14,1
LF:4
LH:4
BRF:0
BRH:0
end_of_record
TN:
SF:src/presentation/components/button/Button.tsx
FN:3,(anonymous_0)
FN:16,(anonymous_1)
FNF:2
FNH:2
FNDA:4,(anonymous_0)
FNDA:2,(anonymous_1)
DA:1,4
DA:3,4
DA:4,4
DA:5,4
DA:16,4
DA:21,2
DA:28,4
LF:7
LH:7
BRDA:3,0,0,4
BRDA:3,0,1,4
BRDA:19,1,0,2
BRF:3
BRH:3
end_of_record
TN:
SF:src/presentation/components/inputs/Input.tsx
FN:6,(anonymous_0)
FN:30,(anonymous_1)
FN:33,(anonymous_2)
FN:34,(anonymous_3)
FN:40,(anonymous_4)
FNF:5
FNH:2
FNDA:4,(anonymous_0)
FNDA:5,(anonymous_1)
FNDA:0,(anonymous_2)
FNDA:0,(anonymous_3)
FNDA:0,(anonymous_4)
DA:1,4
DA:4,4
DA:6,4
DA:7,4
DA:8,4
DA:9,4
DA:10,4
DA:30,4
DA:40,5
DA:41,0
DA:42,0
DA:46,5
DA:47,0
DA:61,5
DA:76,4
LF:15
LH:12
BRDA:6,0,0,4
BRDA:6,0,1,4
BRDA:33,1,0,4
BRDA:34,2,0,4
BRDA:38,3,0,1
BRDA:41,4,0,0
BRDA:46,5,0,0
BRF:7
BRH:5
end_of_record
TN:
SF:src/presentation/components/tasks/TaskItem.tsx
FN:22,(anonymous_7)
FN:52,(anonymous_8)
FN:56,(anonymous_9)
FN:65,(anonymous_10)
FN:71,(anonymous_11)
FN:75,(anonymous_12)
FN:82,(anonymous_13)
FN:86,(anonymous_14)
FN:140,(anonymous_15)
FN:141,(anonymous_16)
FN:155,(anonymous_17)
FNF:11
FNH:1
FNDA:16,(anonymous_7)
FNDA:0,(anonymous_8)
FNDA:0,(anonymous_9)
FNDA:0,(anonymous_10)
FNDA:0,(anonymous_11)
FNDA:0,(anonymous_12)
FNDA:0,(anonymous_13)
FNDA:0,(anonymous_14)
FNDA:0,(anonymous_15)
FNDA:0,(anonymous_16)
FNDA:0,(anonymous_17)
DA:1,3
DA:2,3
DA:3,3
DA:5,3
DA:6,3
DA:7,3
DA:8,3
DA:13,3
DA:14,3
DA:22,3
DA:23,16
DA:24,16
DA:25,16
DA:26,16
DA:28,16
DA:29,16
DA:38,16
DA:47,16
DA:52,16
DA:53,0
DA:56,16
DA:57,0
DA:58,0
DA:60,0
DA:61,0
DA:65,16
DA:66,0
DA:67,0
DA:71,16
DA:72,0
DA:75,16
DA:76,0
DA:77,0
DA:78,0
DA:82,16
DA:83,0
DA:86,16
DA:87,0
DA:90,16
DA:91,0
DA:102,16
DA:103,0
DA:136,16
DA:140,0
DA:141,0
DA:155,0
DA:166,3
LF:47
LH:29
BRDA:60,0,0,0
BRDA:66,1,0,0
BRDA:72,2,0,0
BRDA:72,2,1,0
BRDA:76,3,0,0
BRDA:90,4,0,0
BRDA:102,5,0,0
BRDA:153,6,0,16
BRDA:153,6,1,0
BRF:9
BRH:1
end_of_record
TN:
SF:src/presentation/components/tasks/TasksColumn.tsx
FN:19,(anonymous_1)
FN:48,(anonymous_2)
FN:48,(anonymous_3)
FN:50,(anonymous_4)
FN:54,(anonymous_5)
FN:58,(anonymous_6)
FN:62,(anonymous_7)
FN:100,(anonymous_8)
FNF:8
FNH:6
FNDA:27,(anonymous_1)
FNDA:18,(anonymous_2)
FNDA:10,(anonymous_3)
FNDA:1,(anonymous_4)
FNDA:0,(anonymous_5)
FNDA:0,(anonymous_6)
FNDA:1,(anonymous_7)
FNDA:15,(anonymous_8)
DA:1,2
DA:2,2
DA:3,2
DA:5,2
DA:6,2
DA:8,2
DA:9,2
DA:10,2
DA:19,2
DA:25,27
DA:34,27
DA:43,27
DA:48,27
DA:50,27
DA:51,1
DA:54,27
DA:55,0
DA:58,27
DA:59,0
DA:62,27
DA:63,1
DA:66,27
DA:67,0
DA:78,27
DA:101,15
DA:113,2
LF:26
LH:23
BRDA:66,0,0,0
BRDA:88,1,0,27
BRDA:88,1,1,26
BRDA:89,2,0,27
BRDA:89,2,1,1
BRF:5
BRH:4
end_of_record
TN:
SF:src/presentation/hooks/useLogin.ts
FN:8,(anonymous_1)
FN:11,(anonymous_2)
FN:21,(anonymous_3)
FN:27,(anonymous_4)
FNF:4
FNH:4
FNDA:9,(anonymous_1)
FNDA:7,(anonymous_2)
FNDA:1,(anonymous_3)
FNDA:1,(anonymous_4)
DA:1,2
DA:2,2
DA:4,2
DA:6,2
DA:8,2
DA:9,9
DA:11,9
DA:12,7
DA:14,7
DA:15,1
DA:17,6
DA:21,9
DA:22,1
DA:23,1
DA:24,1
DA:27,9
DA:28,1
DA:29,1
DA:32,9
DA:39,2
LF:20
LH:20
BRDA:14,0,0,1
BRDA:14,0,1,6
BRF:2
BRH:2
end_of_record
TN:
SF:src/presentation/icons/PlusIcon.tsx
FN:3,(anonymous_0)
FNF:1
FNH:1
FNDA:6,(anonymous_0)
DA:3,1
DA:4,6
DA:22,1
LF:3
LH:3
BRF:0
BRH:0
end_of_record
TN:
SF:src/presentation/icons/TrashIcon.tsx
FN:3,(anonymous_0)
FNF:1
FNH:0
FNDA:0,(anonymous_0)
DA:3,3
DA:4,0
DA:22,3
LF:3
LH:2
BRF:0
BRH:0
end_of_record
TN:
SF:src/presentation/pages/Login.tsx
FN:9,(anonymous_7)
FN:15,(anonymous_8)
FN:19,(anonymous_9)
FN:23,(anonymous_10)
FNF:4
FNH:1
FNDA:2,(anonymous_7)
FNDA:0,(anonymous_8)
FNDA:0,(anonymous_9)
FNDA:0,(anonymous_10)
DA:1,1
DA:2,1
DA:3,1
DA:4,1
DA:5,1
DA:6,1
DA:7,1
DA:9,1
DA:10,2
DA:11,2
DA:13,2
DA:15,2
DA:16,0
DA:19,2
DA:20,0
DA:23,2
DA:24,0
DA:27,2
DA:68,1
LF:19
LH:16
BRF:0
BRH:0
end_of_record
TN:
SF:src/presentation/pages/Tasks.tsx
FN:30,(anonymous_1)
FN:37,(anonymous_2)
FN:37,(anonymous_3)
FN:41,(anonymous_4)
FN:42,(anonymous_5)
FN:56,(anonymous_6)
FN:58,(anonymous_7)
FN:61,(anonymous_8)
FN:66,(anonymous_9)
FN:67,(anonymous_10)
FN:74,(anonymous_11)
FN:79,(anonymous_12)
FN:91,(anonymous_13)
FN:109,(anonymous_14)
FN:110,(anonymous_15)
FN:111,(anonymous_16)
FN:122,(anonymous_17)
FN:123,(anonymous_18)
FN:124,(anonymous_19)
FN:133,(anonymous_20)
FN:148,(anonymous_21)
FN:150,(anonymous_22)
FN:154,(anonymous_23)
FN:181,(anonymous_24)
FNF:24
FNH:6
FNDA:6,(anonymous_1)
FNDA:6,(anonymous_2)
FNDA:16,(anonymous_3)
FNDA:4,(anonymous_4)
FNDA:4,(anonymous_5)
FNDA:0,(anonymous_6)
FNDA:0,(anonymous_7)
FNDA:0,(anonymous_8)
FNDA:0,(anonymous_9)
FNDA:0,(anonymous_10)
FNDA:0,(anonymous_11)
FNDA:0,(anonymous_12)
FNDA:0,(anonymous_13)
FNDA:0,(anonymous_14)
FNDA:0,(anonymous_15)
FNDA:0,(anonymous_16)
FNDA:0,(anonymous_17)
FNDA:0,(anonymous_18)
FNDA:0,(anonymous_19)
FNDA:0,(anonymous_20)
FNDA:0,(anonymous_21)
FNDA:0,(anonymous_22)
FNDA:0,(anonymous_23)
FNDA:16,(anonymous_24)
DA:1,1
DA:2,1
DA:4,1
DA:5,1
DA:15,1
DA:16,1
DA:17,1
DA:23,1
DA:24,1
DA:25,1
DA:27,1
DA:28,1
DA:30,1
DA:31,6
DA:32,6
DA:33,6
DA:34,6
DA:36,6
DA:37,16
DA:41,6
DA:42,4
DA:43,4
DA:44,4
DA:48,6
DA:56,6
DA:57,0
DA:58,0
DA:61,6
DA:62,0
DA:63,0
DA:66,6
DA:67,0
DA:68,0
DA:71,0
DA:74,6
DA:75,0
DA:76,0
DA:79,6
DA:80,0
DA:81,0
DA:82,0
DA:85,0
DA:86,0
DA:87,0
DA:91,6
DA:92,0
DA:94,0
DA:95,0
DA:98,0
DA:99,0
DA:101,0
DA:103,0
DA:104,0
DA:106,0
DA:108,0
DA:109,0
DA:110,0
DA:111,0
DA:113,0
DA:115,0
DA:119,0
DA:121,0
DA:122,0
DA:123,0
DA:124,0
DA:126,0
DA:128,0
DA:133,6
DA:134,0
DA:135,0
DA:137,0
DA:139,0
DA:140,0
DA:143,0
DA:144,0
DA:146,0
DA:148,0
DA:149,0
DA:150,0
DA:153,0
DA:154,0
DA:157,0
DA:161,6
DA:182,16
DA:217,1
LF:85
LH:34
BRDA:68,0,0,0
BRDA:68,0,1,0
BRDA:80,1,0,0
BRDA:85,2,0,0
BRDA:94,3,0,0
BRDA:101,4,0,0
BRDA:106,5,0,0
BRDA:108,6,0,0
BRDA:108,7,0,0
BRDA:108,7,1,0
BRDA:121,8,0,0
BRDA:121,9,0,0
BRDA:121,9,1,0
BRDA:139,10,0,0
BRDA:146,11,0,0
BRDA:194,12,0,6
BRDA:194,12,1,0
BRDA:202,13,0,6
BRDA:202,13,1,0
BRF:19
BRH:2
end_of_record
TN:
SF:src/presentation/utils/shared.utils.ts
FN:4,setCursorOnEnd
FN:11,getValueFromEvent
FNF:2
FNH:2
FNDA:1,setCursorOnEnd
FNDA:1,getValueFromEvent
DA:4,5
DA:5,1
DA:6,1
DA:7,1
DA:8,1
DA:11,5
DA:12,1
DA:13,1
LF:8
LH:8
BRF:0
BRH:0
end_of_record
TN:
SF:src/presentation/utils/task.utils.ts
FN:5,(anonymous_0)
FN:8,(anonymous_1)
FN:11,(anonymous_2)
FN:14,(anonymous_3)
FN:17,(anonymous_4)
FN:22,(anonymous_5)
FN:28,(anonymous_6)
FN:34,(anonymous_7)
FN:40,(anonymous_8)
FNF:9
FNH:9
FNDA:1,(anonymous_0)
FNDA:1,(anonymous_1)
FNDA:1,(anonymous_2)
FNDA:1,(anonymous_3)
FNDA:5,(anonymous_4)
FNDA:12,(anonymous_5)
FNDA:12,(anonymous_6)
FNDA:12,(anonymous_7)
FNDA:12,(anonymous_8)
DA:1,2
DA:5,2
DA:6,1
DA:8,2
DA:9,1
DA:11,2
DA:12,1
DA:14,2
DA:15,1
DA:17,5
DA:22,12
DA:28,12
DA:34,12
DA:40,12
LF:14
LH:14
BRF:0
BRH:0
end_of_record
TN:
SF:src/tests/unit/presentation/mocks/style.mock.ts
FNF:0
FNH:0
DA:1,5
LF:1
LH:1
BRF:0
BRH:0
end_of_record
TN:
SF:src/tests/unit/presentation/mocks/tasks.mock.ts
FNF:0
FNH:0
DA:1,3
DA:4,3
DA:11,3
DA:18,3
DA:20,3
LF:5
LH:5
BRF:0
BRH:0
end_of_record
TN:
SF:src/usecases/authentication.usecase.ts
FN:9,(anonymous_0)
FN:11,(anonymous_1)
FNF:2
FNH:2
FNDA:4,(anonymous_0)
FNDA:1,(anonymous_1)
DA:2,3
DA:8,3
DA:9,4
DA:12,1
DA:14,1
DA:18,3
LF:6
LH:6
BRF:0
BRH:0
end_of_record
TN:
SF:src/usecases/storage.usecase.ts
FN:8,(anonymous_0)
FN:10,(anonymous_1)
FN:14,(anonymous_2)
FN:18,(anonymous_3)
FNF:4
FNH:4
FNDA:7,(anonymous_0)
FNDA:4,(anonymous_1)
FNDA:1,(anonymous_2)
FNDA:1,(anonymous_3)
DA:7,3
DA:8,7
DA:11,4
DA:15,1
DA:19,1
DA:23,3
LF:6
LH:6
BRF:0
BRH:0
end_of_record
TN:
SF:src/usecases/task.usecase.ts
FN:12,(anonymous_1)
FN:14,(anonymous_2)
FN:19,(anonymous_3)
FN:24,(anonymous_4)
FN:29,(anonymous_5)
FNF:5
FNH:5
FNDA:6,(anonymous_1)
FNDA:1,(anonymous_2)
FNDA:1,(anonymous_3)
FNDA:1,(anonymous_4)
FNDA:1,(anonymous_5)
DA:1,2
DA:11,2
DA:12,6
DA:15,1
DA:16,1
DA:20,1
DA:21,1
DA:25,1
DA:26,1
DA:30,1
DA:31,1
DA:35,2
LF:12
LH:12
BRF:0
BRH:0
end_of_record
